#! /opt/homebrew/Cellar/icarus-verilog/13.0/bin/vvp
:ivl_version "13.0 (stable)" "(v13_0)";
:ivl_delay_selection "TYPICAL";
:vpi_time_precision + 0;
:vpi_module "/opt/homebrew/Cellar/icarus-verilog/13.0/lib/ivl/system.vpi";
:vpi_module "/opt/homebrew/Cellar/icarus-verilog/13.0/lib/ivl/vhdl_sys.vpi";
:vpi_module "/opt/homebrew/Cellar/icarus-verilog/13.0/lib/ivl/vhdl_textio.vpi";
:vpi_module "/opt/homebrew/Cellar/icarus-verilog/13.0/lib/ivl/v2005_math.vpi";
:vpi_module "/opt/homebrew/Cellar/icarus-verilog/13.0/lib/ivl/va_math.vpi";
:vpi_module "/opt/homebrew/Cellar/icarus-verilog/13.0/lib/ivl/v2009.vpi";
S_0x150f0a4c0 .scope package, "$unit" "$unit" 2 1;
 .timescale 0 0;
S_0x150f0a630 .scope module, "decoder_224_tb" "decoder_224_tb" 3 1;
 .timescale 0 0;
v0x150f1bc40_0 .net "code", 3 0, L_0x150f1f080;  1 drivers
v0x150f1bcd0_0 .var "en", 0 0;
v0x150f1bd60_0 .var/i "i", 31 0;
v0x150f1bdf0_0 .var "in", 1 0;
S_0x150f0a970 .scope module, "dut" "decoder_224" 3 8, 4 1 0, S_0x150f0a630;
 .timescale 0 0;
    .port_info 0 /INPUT 1 "en";
    .port_info 1 /INPUT 2 "in";
    .port_info 2 /OUTPUT 4 "code";
L_0x150f1e4e0 .functor AND 1, v0x150f1bcd0_0, L_0x150f1e400, C4<1>, C4<1>;
L_0x150f1e690 .functor AND 1, L_0x150f1e4e0, L_0x150f1e5f0, C4<1>, C4<1>;
L_0x150f1e8c0 .functor AND 1, v0x150f1bcd0_0, L_0x150f1e7a0, C4<1>, C4<1>;
L_0x150f1ea30 .functor NOT 1, L_0x150f1e970, C4<0>, C4<0>, C4<0>;
L_0x150f1eb00 .functor AND 1, L_0x150f1e8c0, L_0x150f1ea30, C4<1>, C4<1>;
L_0x150f1ed10 .functor NOT 1, L_0x150f1ec40, C4<0>, C4<0>, C4<0>;
L_0x150f1edc0 .functor AND 1, v0x150f1bcd0_0, L_0x150f1ed10, C4<1>, C4<1>;
L_0x150f1ef90 .functor AND 1, L_0x150f1edc0, L_0x150f1eef0, C4<1>, C4<1>;
L_0x150f1f430 .functor NOT 1, L_0x150f1f290, C4<0>, C4<0>, C4<0>;
L_0x150f1f4f0 .functor AND 1, v0x150f1bcd0_0, L_0x150f1f430, C4<1>, C4<1>;
L_0x150f1f650 .functor NOT 1, L_0x150f1f560, C4<0>, C4<0>, C4<0>;
L_0x150f1f720 .functor AND 1, L_0x150f1f4f0, L_0x150f1f650, C4<1>, C4<1>;
v0x150f0ab90_0 .net *"_ivl_13", 0 0, L_0x150f1e7a0;  1 drivers
v0x150f1ab70_0 .net *"_ivl_14", 0 0, L_0x150f1e8c0;  1 drivers
v0x150f1ac20_0 .net *"_ivl_17", 0 0, L_0x150f1e970;  1 drivers
v0x150f1ace0_0 .net *"_ivl_18", 0 0, L_0x150f1ea30;  1 drivers
v0x150f1ad90_0 .net *"_ivl_20", 0 0, L_0x150f1eb00;  1 drivers
v0x150f1ae80_0 .net *"_ivl_25", 0 0, L_0x150f1ec40;  1 drivers
v0x150f1af30_0 .net *"_ivl_26", 0 0, L_0x150f1ed10;  1 drivers
v0x150f1afe0_0 .net *"_ivl_28", 0 0, L_0x150f1edc0;  1 drivers
v0x150f1b090_0 .net *"_ivl_3", 0 0, L_0x150f1e400;  1 drivers
v0x150f1b1a0_0 .net *"_ivl_31", 0 0, L_0x150f1eef0;  1 drivers
v0x150f1b250_0 .net *"_ivl_32", 0 0, L_0x150f1ef90;  1 drivers
v0x150f1b300_0 .net *"_ivl_38", 0 0, L_0x150f1f290;  1 drivers
v0x150f1b3b0_0 .net *"_ivl_39", 0 0, L_0x150f1f430;  1 drivers
v0x150f1b460_0 .net *"_ivl_4", 0 0, L_0x150f1e4e0;  1 drivers
v0x150f1b510_0 .net *"_ivl_41", 0 0, L_0x150f1f4f0;  1 drivers
v0x150f1b5c0_0 .net *"_ivl_44", 0 0, L_0x150f1f560;  1 drivers
v0x150f1b670_0 .net *"_ivl_45", 0 0, L_0x150f1f650;  1 drivers
v0x150f1b800_0 .net *"_ivl_47", 0 0, L_0x150f1f720;  1 drivers
v0x150f1b890_0 .net *"_ivl_7", 0 0, L_0x150f1e5f0;  1 drivers
v0x150f1b940_0 .net *"_ivl_8", 0 0, L_0x150f1e690;  1 drivers
v0x150f1b9f0_0 .net "code", 3 0, L_0x150f1f080;  alias, 1 drivers
v0x150f1baa0_0 .net "en", 0 0, v0x150f1bcd0_0;  1 drivers
v0x150f1bb40_0 .net "in", 1 0, v0x150f1bdf0_0;  1 drivers
L_0x150f1e400 .part v0x150f1bdf0_0, 1, 1;
L_0x150f1e5f0 .part v0x150f1bdf0_0, 0, 1;
L_0x150f1e7a0 .part v0x150f1bdf0_0, 1, 1;
L_0x150f1e970 .part v0x150f1bdf0_0, 0, 1;
L_0x150f1ec40 .part v0x150f1bdf0_0, 1, 1;
L_0x150f1eef0 .part v0x150f1bdf0_0, 0, 1;
L_0x150f1f080 .concat8 [ 1 1 1 1], L_0x150f1f720, L_0x150f1ef90, L_0x150f1eb00, L_0x150f1e690;
L_0x150f1f290 .part v0x150f1bdf0_0, 1, 1;
L_0x150f1f560 .part v0x150f1bdf0_0, 0, 1;
S_0x150f0a7a0 .scope module, "greater_than" "greater_than" 5 1;
 .timescale 0 0;
    .port_info 0 /INPUT 4 "a";
    .port_info 1 /INPUT 4 "b";
    .port_info 2 /OUTPUT 1 "a_greater_b";
L_0x150f21750 .functor AND 1, L_0x150f20630, L_0x150f213e0, C4<1>, C4<1>;
L_0x150f217c0 .functor OR 1, L_0x150f202c0, L_0x150f21750, C4<0>, C4<0>;
v0x150f1df40_0 .net *"_ivl_12", 0 0, L_0x150f21750;  1 drivers
o0x148018d90 .functor BUFZ 4, c4<zzzz>; HiZ drive
v0x150f1dfd0_0 .net "a", 3 0, o0x148018d90;  0 drivers
v0x150f1e060_0 .net "a_greater_b", 0 0, L_0x150f217c0;  1 drivers
o0x148018df0 .functor BUFZ 4, c4<zzzz>; HiZ drive
v0x150f1e110_0 .net "b", 3 0, o0x148018df0;  0 drivers
v0x150f1e1b0_0 .net "lower", 0 0, L_0x150f213e0;  1 drivers
v0x150f1e280_0 .net "upper", 0 0, L_0x150f202c0;  1 drivers
v0x150f1e330_0 .net "upper_eq", 0 0, L_0x150f20630;  1 drivers
L_0x150f203f0 .part o0x148018d90, 2, 2;
L_0x150f20510 .part o0x148018df0, 2, 2;
L_0x150f206d0 .part o0x148018d90, 2, 2;
L_0x150f207b0 .part o0x148018df0, 2, 2;
L_0x150f21510 .part o0x148018d90, 0, 2;
L_0x150f21630 .part o0x148018df0, 0, 2;
S_0x150f1be80 .scope module, "uut0" "greater_than_2bit" 5 8, 6 1 0, S_0x150f0a7a0;
 .timescale 0 0;
    .port_info 0 /INPUT 2 "a";
    .port_info 1 /INPUT 2 "b";
    .port_info 2 /OUTPUT 1 "agb";
L_0x150f1f910 .functor NOT 1, L_0x150f1f870, C4<0>, C4<0>, C4<0>;
L_0x150f1f9c0 .functor AND 1, L_0x150f1f7d0, L_0x150f1f910, C4<1>, C4<1>;
L_0x150f1fc90 .functor NOT 1, L_0x150f1fbb0, C4<0>, C4<0>, C4<0>;
L_0x150f1fd40 .functor AND 1, L_0x150f1fad0, L_0x150f1fc90, C4<1>, C4<1>;
L_0x150f1ffb0 .functor XOR 1, L_0x150f1fe70, L_0x150f1ff10, C4<0>, C4<0>;
L_0x150f200e0 .functor NOT 1, L_0x150f1ffb0, C4<0>, C4<0>, C4<0>;
L_0x150f20190 .functor AND 1, L_0x150f1fd40, L_0x150f200e0, C4<1>, C4<1>;
L_0x150f202c0 .functor OR 1, L_0x150f1f9c0, L_0x150f20190, C4<0>, C4<0>;
v0x150f1c0c0_0 .net *"_ivl_1", 0 0, L_0x150f1f7d0;  1 drivers
v0x150f1c180_0 .net *"_ivl_11", 0 0, L_0x150f1fbb0;  1 drivers
v0x150f1c230_0 .net *"_ivl_12", 0 0, L_0x150f1fc90;  1 drivers
v0x150f1c2f0_0 .net *"_ivl_14", 0 0, L_0x150f1fd40;  1 drivers
v0x150f1c3a0_0 .net *"_ivl_17", 0 0, L_0x150f1fe70;  1 drivers
v0x150f1c490_0 .net *"_ivl_19", 0 0, L_0x150f1ff10;  1 drivers
v0x150f1c540_0 .net *"_ivl_20", 0 0, L_0x150f1ffb0;  1 drivers
v0x150f1c5f0_0 .net *"_ivl_22", 0 0, L_0x150f200e0;  1 drivers
v0x150f1c6a0_0 .net *"_ivl_24", 0 0, L_0x150f20190;  1 drivers
v0x150f1c7b0_0 .net *"_ivl_3", 0 0, L_0x150f1f870;  1 drivers
v0x150f1c860_0 .net *"_ivl_4", 0 0, L_0x150f1f910;  1 drivers
v0x150f1c910_0 .net *"_ivl_6", 0 0, L_0x150f1f9c0;  1 drivers
v0x150f1c9c0_0 .net *"_ivl_9", 0 0, L_0x150f1fad0;  1 drivers
v0x150f1ca70_0 .net "a", 1 0, L_0x150f203f0;  1 drivers
v0x150f1cb20_0 .net "agb", 0 0, L_0x150f202c0;  alias, 1 drivers
v0x150f1cbc0_0 .net "b", 1 0, L_0x150f20510;  1 drivers
L_0x150f1f7d0 .part L_0x150f203f0, 1, 1;
L_0x150f1f870 .part L_0x150f20510, 1, 1;
L_0x150f1fad0 .part L_0x150f203f0, 0, 1;
L_0x150f1fbb0 .part L_0x150f20510, 0, 1;
L_0x150f1fe70 .part L_0x150f203f0, 1, 1;
L_0x150f1ff10 .part L_0x150f20510, 1, 1;
S_0x150f1ccc0 .scope module, "uut1" "equality_2bit" 5 9, 7 1 0, S_0x150f0a7a0;
 .timescale 0 0;
    .port_info 0 /INPUT 2 "a";
    .port_info 1 /INPUT 2 "b";
    .port_info 2 /OUTPUT 1 "aeqb";
v0x150f1cee0_0 .net "a", 1 0, L_0x150f206d0;  1 drivers
v0x150f1cf70_0 .net "aeqb", 0 0, L_0x150f20630;  alias, 1 drivers
v0x150f1d000_0 .net "b", 1 0, L_0x150f207b0;  1 drivers
L_0x150f20630 .cmp/eq 2, L_0x150f206d0, L_0x150f207b0;
S_0x150f1d110 .scope module, "uut2" "greater_than_2bit" 5 10, 6 1 0, S_0x150f0a7a0;
 .timescale 0 0;
    .port_info 0 /INPUT 2 "a";
    .port_info 1 /INPUT 2 "b";
    .port_info 2 /OUTPUT 1 "agb";
L_0x150f20a10 .functor NOT 1, L_0x150f20970, C4<0>, C4<0>, C4<0>;
L_0x150f20ac0 .functor AND 1, L_0x150f208d0, L_0x150f20a10, C4<1>, C4<1>;
L_0x150f20d70 .functor NOT 1, L_0x150f20c90, C4<0>, C4<0>, C4<0>;
L_0x150f20e20 .functor AND 1, L_0x150f20bb0, L_0x150f20d70, C4<1>, C4<1>;
L_0x150f210c0 .functor XOR 1, L_0x150f20f50, L_0x150f21020, C4<0>, C4<0>;
L_0x150f21200 .functor NOT 1, L_0x150f210c0, C4<0>, C4<0>, C4<0>;
L_0x150f212b0 .functor AND 1, L_0x150f20e20, L_0x150f21200, C4<1>, C4<1>;
L_0x150f213e0 .functor OR 1, L_0x150f20ac0, L_0x150f212b0, C4<0>, C4<0>;
v0x150f1d350_0 .net *"_ivl_1", 0 0, L_0x150f208d0;  1 drivers
v0x150f1d400_0 .net *"_ivl_11", 0 0, L_0x150f20c90;  1 drivers
v0x150f1d4b0_0 .net *"_ivl_12", 0 0, L_0x150f20d70;  1 drivers
v0x150f1d570_0 .net *"_ivl_14", 0 0, L_0x150f20e20;  1 drivers
v0x150f1d620_0 .net *"_ivl_17", 0 0, L_0x150f20f50;  1 drivers
v0x150f1d710_0 .net *"_ivl_19", 0 0, L_0x150f21020;  1 drivers
v0x150f1d7c0_0 .net *"_ivl_20", 0 0, L_0x150f210c0;  1 drivers
v0x150f1d870_0 .net *"_ivl_22", 0 0, L_0x150f21200;  1 drivers
v0x150f1d920_0 .net *"_ivl_24", 0 0, L_0x150f212b0;  1 drivers
v0x150f1da30_0 .net *"_ivl_3", 0 0, L_0x150f20970;  1 drivers
v0x150f1dae0_0 .net *"_ivl_4", 0 0, L_0x150f20a10;  1 drivers
v0x150f1db90_0 .net *"_ivl_6", 0 0, L_0x150f20ac0;  1 drivers
v0x150f1dc40_0 .net *"_ivl_9", 0 0, L_0x150f20bb0;  1 drivers
v0x150f1dcf0_0 .net "a", 1 0, L_0x150f21510;  1 drivers
v0x150f1dda0_0 .net "agb", 0 0, L_0x150f213e0;  alias, 1 drivers
v0x150f1de40_0 .net "b", 1 0, L_0x150f21630;  1 drivers
L_0x150f208d0 .part L_0x150f21510, 1, 1;
L_0x150f20970 .part L_0x150f21630, 1, 1;
L_0x150f20bb0 .part L_0x150f21510, 0, 1;
L_0x150f20c90 .part L_0x150f21630, 0, 1;
L_0x150f20f50 .part L_0x150f21510, 1, 1;
L_0x150f21020 .part L_0x150f21630, 1, 1;
    .scope S_0x150f0a630;
T_0 ;
    %pushi/vec4 0, 0, 1;
    %store/vec4 v0x150f1bcd0_0, 0, 1;
    %pushi/vec4 0, 0, 2;
    %store/vec4 v0x150f1bdf0_0, 0, 2;
    %delay 10, 0;
    %vpi_call/w 3 14 "$dumpfile", "waves/decoder_224.vcd" {0 0 0};
    %vpi_call/w 3 15 "$dumpvars", 32'sb00000000000000000000000000000000, S_0x150f0a630 {0 0 0};
    %vpi_call/w 3 17 "$display", "--- Starting Test ---" {0 0 0};
    %pushi/vec4 0, 0, 32;
    %store/vec4 v0x150f1bd60_0, 0, 32;
T_0.0 ; Top of for-loop
    %load/vec4 v0x150f1bd60_0;
    %cmpi/s 8, 0, 32;
	  %jmp/0xz T_0.1, 5;
    %load/vec4 v0x150f1bd60_0;
    %parti/s 3, 0, 2;
    %split/vec4 1;
    %store/vec4 v0x150f1bcd0_0, 0, 1;
    %store/vec4 v0x150f1bdf0_0, 0, 2;
    %delay 10, 0;
    %vpi_call/w 3 22 "$display", "Test %0d: in[1]=%b, in[0]=%b, en=%b | code=%b", v0x150f1bd60_0, &PV<v0x150f1bdf0_0, 1, 1>, &PV<v0x150f1bdf0_0, 0, 1>, v0x150f1bcd0_0, v0x150f1bc40_0 {0 0 0};
T_0.2 ; for-loop step statement
    %load/vec4 v0x150f1bd60_0;
    %addi 1, 0, 32;
    %store/vec4 v0x150f1bd60_0, 0, 32;
    %jmp T_0.0;
T_0.1 ; for-loop exit label
    %vpi_call/w 3 25 "$finish" {0 0 0};
    %end;
    .thread T_0;
# The file index is used to find the file name in the following table.
:file_names 8;
    "N/A";
    "<interactive>";
    "-";
    "tb/decoder_224_tb.v";
    "rtl/decoder_224.v";
    "rtl/greater_than.v";
    "rtl/greater_than_2bit.v";
    "rtl/equality_2bit.v";
