#! /opt/homebrew/Cellar/icarus-verilog/13.0/bin/vvp
:ivl_version "13.0 (stable)" "(v13_0)";
:ivl_delay_selection "TYPICAL";
:vpi_time_precision + 0;
:vpi_module "/opt/homebrew/Cellar/icarus-verilog/13.0/lib/ivl/system.vpi";
:vpi_module "/opt/homebrew/Cellar/icarus-verilog/13.0/lib/ivl/vhdl_sys.vpi";
:vpi_module "/opt/homebrew/Cellar/icarus-verilog/13.0/lib/ivl/vhdl_textio.vpi";
:vpi_module "/opt/homebrew/Cellar/icarus-verilog/13.0/lib/ivl/v2005_math.vpi";
:vpi_module "/opt/homebrew/Cellar/icarus-verilog/13.0/lib/ivl/va_math.vpi";
:vpi_module "/opt/homebrew/Cellar/icarus-verilog/13.0/lib/ivl/v2009.vpi";
S_0x10e704170 .scope package, "$unit" "$unit" 2 1;
 .timescale 0 0;
S_0x10e704310 .scope module, "decoder_328_tb" "decoder_328_tb" 3 1;
 .timescale 0 0;
v0x12f008ed0_0 .net "code", 7 0, L_0x11e6158b0;  1 drivers
v0x12f008fa0_0 .var/i "i", 31 0;
v0x12f009040_0 .var "in", 2 0;
S_0x10e704690 .scope module, "dut" "decoder_328" 3 7, 4 1 0, S_0x10e704310;
 .timescale 0 0;
    .port_info 0 /INPUT 3 "in";
    .port_info 1 /OUTPUT 8 "code";
L_0x11e615760 .functor NOT 1, L_0x11e615640, C4<0>, C4<0>, C4<0>;
v0x12f008b30_0 .net *"_ivl_5", 0 0, L_0x11e615640;  1 drivers
v0x12f008bd0_0 .net "code", 7 0, L_0x11e6158b0;  alias, 1 drivers
v0x12f008c70_0 .net "in", 2 0, v0x12f009040_0;  1 drivers
v0x12f008d10_0 .net "lower", 3 0, L_0x11e614f10;  1 drivers
v0x12f008dd0_0 .net "upper", 3 0, L_0x12f10a970;  1 drivers
L_0x12e708770 .part v0x12f009040_0, 2, 1;
L_0x12e708850 .part v0x12f009040_0, 0, 2;
L_0x11e615640 .part v0x12f009040_0, 2, 1;
L_0x11e615810 .part v0x12f009040_0, 0, 2;
L_0x11e6158b0 .concat [ 4 4 0 0], L_0x11e614f10, L_0x12f10a970;
S_0x10e704890 .scope module, "uut0" "decoder_224" 4 6, 5 1 0, S_0x10e704690;
 .timescale 0 0;
    .port_info 0 /INPUT 1 "en";
    .port_info 1 /INPUT 2 "in";
    .port_info 2 /OUTPUT 4 "code";
L_0x12f00b780 .functor AND 1, L_0x12e708770, L_0x12f00b690, C4<1>, C4<1>;
L_0x12f109f40 .functor AND 1, L_0x12f00b780, L_0x12f00b8a0, C4<1>, C4<1>;
L_0x12f10a130 .functor AND 1, L_0x12e708770, L_0x12f10a050, C4<1>, C4<1>;
L_0x12f10a380 .functor NOT 1, L_0x12f10a260, C4<0>, C4<0>, C4<0>;
L_0x12f10a3f0 .functor AND 1, L_0x12f10a130, L_0x12f10a380, C4<1>, C4<1>;
L_0x12f10a600 .functor NOT 1, L_0x12f10a530, C4<0>, C4<0>, C4<0>;
L_0x12f10a6b0 .functor AND 1, L_0x12e708770, L_0x12f10a600, C4<1>, C4<1>;
L_0x12f10a840 .functor AND 1, L_0x12f10a6b0, L_0x12f10a7a0, C4<1>, C4<1>;
L_0x12f10abf0 .functor NOT 1, L_0x12f10ab50, C4<0>, C4<0>, C4<0>;
L_0x12e704fd0 .functor AND 1, L_0x12e708770, L_0x12f10abf0, C4<1>, C4<1>;
L_0x12e708590 .functor NOT 1, L_0x12e707a20, C4<0>, C4<0>, C4<0>;
L_0x12e708640 .functor AND 1, L_0x12e704fd0, L_0x12e708590, C4<1>, C4<1>;
v0x10e704ab0_0 .net *"_ivl_13", 0 0, L_0x12f10a050;  1 drivers
v0x11e606390_0 .net *"_ivl_14", 0 0, L_0x12f10a130;  1 drivers
v0x11e611db0_0 .net *"_ivl_17", 0 0, L_0x12f10a260;  1 drivers
v0x11e611e40_0 .net *"_ivl_18", 0 0, L_0x12f10a380;  1 drivers
v0x11e60b020_0 .net *"_ivl_20", 0 0, L_0x12f10a3f0;  1 drivers
v0x11e60b0b0_0 .net *"_ivl_25", 0 0, L_0x12f10a530;  1 drivers
v0x11e611720_0 .net *"_ivl_26", 0 0, L_0x12f10a600;  1 drivers
v0x11e6117b0_0 .net *"_ivl_28", 0 0, L_0x12f10a6b0;  1 drivers
v0x11e60dfd0_0 .net *"_ivl_3", 0 0, L_0x12f00b690;  1 drivers
v0x11e6078b0_0 .net *"_ivl_31", 0 0, L_0x12f10a7a0;  1 drivers
v0x11e607940_0 .net *"_ivl_32", 0 0, L_0x12f10a840;  1 drivers
v0x11e6079d0_0 .net *"_ivl_38", 0 0, L_0x12f10ab50;  1 drivers
v0x11e607a60_0 .net *"_ivl_39", 0 0, L_0x12f10abf0;  1 drivers
v0x11e607af0_0 .net *"_ivl_4", 0 0, L_0x12f00b780;  1 drivers
v0x11e605920_0 .net *"_ivl_41", 0 0, L_0x12e704fd0;  1 drivers
v0x11e6059b0_0 .net *"_ivl_44", 0 0, L_0x12e707a20;  1 drivers
v0x11e605a40_0 .net *"_ivl_45", 0 0, L_0x12e708590;  1 drivers
v0x11e605bd0_0 .net *"_ivl_47", 0 0, L_0x12e708640;  1 drivers
v0x11e608d10_0 .net *"_ivl_7", 0 0, L_0x12f00b8a0;  1 drivers
v0x11e608da0_0 .net *"_ivl_8", 0 0, L_0x12f109f40;  1 drivers
v0x11e608e30_0 .net "code", 3 0, L_0x12f10a970;  alias, 1 drivers
v0x11e608ec0_0 .net "en", 0 0, L_0x12e708770;  1 drivers
v0x11e608f50_0 .net "in", 1 0, L_0x12e708850;  1 drivers
L_0x12f00b690 .part L_0x12e708850, 1, 1;
L_0x12f00b8a0 .part L_0x12e708850, 0, 1;
L_0x12f10a050 .part L_0x12e708850, 1, 1;
L_0x12f10a260 .part L_0x12e708850, 0, 1;
L_0x12f10a530 .part L_0x12e708850, 1, 1;
L_0x12f10a7a0 .part L_0x12e708850, 0, 1;
L_0x12f10a970 .concat8 [ 1 1 1 1], L_0x12e708640, L_0x12f10a840, L_0x12f10a3f0, L_0x12f109f40;
L_0x12f10ab50 .part L_0x12e708850, 1, 1;
L_0x12e707a20 .part L_0x12e708850, 0, 1;
S_0x11e604c80 .scope module, "uut1" "decoder_224" 4 7, 5 1 0, S_0x10e704690;
 .timescale 0 0;
    .port_info 0 /INPUT 1 "en";
    .port_info 1 /INPUT 2 "in";
    .port_info 2 /OUTPUT 4 "code";
L_0x11e608fe0 .functor AND 1, L_0x11e615760, L_0x12e7088f0, C4<1>, C4<1>;
L_0x11e607b80 .functor AND 1, L_0x11e608fe0, L_0x11e614890, C4<1>, C4<1>;
L_0x11e60e060 .functor AND 1, L_0x11e615760, L_0x11e614960, C4<1>, C4<1>;
L_0x11e614b20 .functor NOT 1, L_0x11e614a00, C4<0>, C4<0>, C4<0>;
L_0x11e614b90 .functor AND 1, L_0x11e60e060, L_0x11e614b20, C4<1>, C4<1>;
L_0x11e614ca0 .functor NOT 1, L_0x11e614c00, C4<0>, C4<0>, C4<0>;
L_0x11e614d10 .functor AND 1, L_0x11e615760, L_0x11e614ca0, C4<1>, C4<1>;
L_0x11e614e20 .functor AND 1, L_0x11e614d10, L_0x11e614d80, C4<1>, C4<1>;
L_0x11e615150 .functor NOT 1, L_0x11e6150b0, C4<0>, C4<0>, C4<0>;
L_0x11e615250 .functor AND 1, L_0x11e615760, L_0x11e615150, C4<1>, C4<1>;
L_0x11e614aa0 .functor NOT 1, L_0x11e615340, C4<0>, C4<0>, C4<0>;
L_0x11e615590 .functor AND 1, L_0x11e615250, L_0x11e614aa0, C4<1>, C4<1>;
v0x11e604df0_0 .net *"_ivl_13", 0 0, L_0x11e614960;  1 drivers
v0x11e604e80_0 .net *"_ivl_14", 0 0, L_0x11e60e060;  1 drivers
v0x11e604f10_0 .net *"_ivl_17", 0 0, L_0x11e614a00;  1 drivers
v0x11e6145c0_0 .net *"_ivl_18", 0 0, L_0x11e614b20;  1 drivers
v0x11e614650_0 .net *"_ivl_20", 0 0, L_0x11e614b90;  1 drivers
v0x11e6146e0_0 .net *"_ivl_25", 0 0, L_0x11e614c00;  1 drivers
v0x11e614770_0 .net *"_ivl_26", 0 0, L_0x11e614ca0;  1 drivers
v0x11e614800_0 .net *"_ivl_28", 0 0, L_0x11e614d10;  1 drivers
v0x12f109e30_0 .net *"_ivl_3", 0 0, L_0x12e7088f0;  1 drivers
v0x12f007c70_0 .net *"_ivl_31", 0 0, L_0x11e614d80;  1 drivers
v0x12f007d00_0 .net *"_ivl_32", 0 0, L_0x11e614e20;  1 drivers
v0x12f007460_0 .net *"_ivl_38", 0 0, L_0x11e6150b0;  1 drivers
v0x12f0074f0_0 .net *"_ivl_39", 0 0, L_0x11e615150;  1 drivers
v0x12f007910_0 .net *"_ivl_4", 0 0, L_0x11e608fe0;  1 drivers
v0x12f0079a0_0 .net *"_ivl_41", 0 0, L_0x11e615250;  1 drivers
v0x12f0085a0_0 .net *"_ivl_44", 0 0, L_0x11e615340;  1 drivers
v0x12f008630_0 .net *"_ivl_45", 0 0, L_0x11e614aa0;  1 drivers
v0x12f0087d0_0 .net *"_ivl_47", 0 0, L_0x11e615590;  1 drivers
v0x12f008860_0 .net *"_ivl_7", 0 0, L_0x11e614890;  1 drivers
v0x12f0088f0_0 .net *"_ivl_8", 0 0, L_0x11e607b80;  1 drivers
v0x12f008980_0 .net "code", 3 0, L_0x11e614f10;  alias, 1 drivers
v0x12f008a10_0 .net "en", 0 0, L_0x11e615760;  1 drivers
v0x12f008aa0_0 .net "in", 1 0, L_0x11e615810;  1 drivers
L_0x12e7088f0 .part L_0x11e615810, 1, 1;
L_0x11e614890 .part L_0x11e615810, 0, 1;
L_0x11e614960 .part L_0x11e615810, 1, 1;
L_0x11e614a00 .part L_0x11e615810, 0, 1;
L_0x11e614c00 .part L_0x11e615810, 1, 1;
L_0x11e614d80 .part L_0x11e615810, 0, 1;
L_0x11e614f10 .concat8 [ 1 1 1 1], L_0x11e615590, L_0x11e614e20, L_0x11e614b90, L_0x11e607b80;
L_0x11e6150b0 .part L_0x11e615810, 1, 1;
L_0x11e615340 .part L_0x11e615810, 0, 1;
S_0x10e704490 .scope module, "greater_than" "greater_than" 6 1;
 .timescale 0 0;
    .port_info 0 /INPUT 4 "a";
    .port_info 1 /INPUT 4 "b";
    .port_info 2 /OUTPUT 1 "a_greater_b";
L_0x11e6179a0 .functor AND 1, L_0x11e616840, L_0x11e617630, C4<1>, C4<1>;
L_0x11e617a10 .functor OR 1, L_0x11e6164d0, L_0x11e6179a0, C4<0>, C4<0>;
v0x12f00b1d0_0 .net *"_ivl_12", 0 0, L_0x11e6179a0;  1 drivers
o0x138009360 .functor BUFZ 4, c4<zzzz>; HiZ drive
v0x12f00b260_0 .net "a", 3 0, o0x138009360;  0 drivers
v0x12f00b2f0_0 .net "a_greater_b", 0 0, L_0x11e617a10;  1 drivers
o0x1380093c0 .functor BUFZ 4, c4<zzzz>; HiZ drive
v0x12f00b3a0_0 .net "b", 3 0, o0x1380093c0;  0 drivers
v0x12f00b440_0 .net "lower", 0 0, L_0x11e617630;  1 drivers
v0x12f00b510_0 .net "upper", 0 0, L_0x11e6164d0;  1 drivers
v0x12f00b5c0_0 .net "upper_eq", 0 0, L_0x11e616840;  1 drivers
L_0x11e616600 .part o0x138009360, 2, 2;
L_0x11e616720 .part o0x1380093c0, 2, 2;
L_0x11e6168e0 .part o0x138009360, 2, 2;
L_0x11e6169c0 .part o0x1380093c0, 2, 2;
L_0x11e617760 .part o0x138009360, 0, 2;
L_0x11e617880 .part o0x1380093c0, 0, 2;
S_0x12f009110 .scope module, "uut0" "greater_than_2bit" 6 8, 7 1 0, S_0x10e704490;
 .timescale 0 0;
    .port_info 0 /INPUT 2 "a";
    .port_info 1 /INPUT 2 "b";
    .port_info 2 /OUTPUT 1 "agb";
L_0x11e615b00 .functor NOT 1, L_0x11e615a60, C4<0>, C4<0>, C4<0>;
L_0x11e615bb0 .functor AND 1, L_0x11e6159c0, L_0x11e615b00, C4<1>, C4<1>;
L_0x11e615e60 .functor NOT 1, L_0x11e615d80, C4<0>, C4<0>, C4<0>;
L_0x11e615f10 .functor AND 1, L_0x11e615ca0, L_0x11e615e60, C4<1>, C4<1>;
L_0x11e6161b0 .functor XOR 1, L_0x11e616040, L_0x11e616110, C4<0>, C4<0>;
L_0x11e6162f0 .functor NOT 1, L_0x11e6161b0, C4<0>, C4<0>, C4<0>;
L_0x11e6163a0 .functor AND 1, L_0x11e615f10, L_0x11e6162f0, C4<1>, C4<1>;
L_0x11e6164d0 .functor OR 1, L_0x11e615bb0, L_0x11e6163a0, C4<0>, C4<0>;
v0x12f009350_0 .net *"_ivl_1", 0 0, L_0x11e6159c0;  1 drivers
v0x12f009410_0 .net *"_ivl_11", 0 0, L_0x11e615d80;  1 drivers
v0x12f0094c0_0 .net *"_ivl_12", 0 0, L_0x11e615e60;  1 drivers
v0x12f009580_0 .net *"_ivl_14", 0 0, L_0x11e615f10;  1 drivers
v0x12f009630_0 .net *"_ivl_17", 0 0, L_0x11e616040;  1 drivers
v0x12f009720_0 .net *"_ivl_19", 0 0, L_0x11e616110;  1 drivers
v0x12f0097d0_0 .net *"_ivl_20", 0 0, L_0x11e6161b0;  1 drivers
v0x12f009880_0 .net *"_ivl_22", 0 0, L_0x11e6162f0;  1 drivers
v0x12f009930_0 .net *"_ivl_24", 0 0, L_0x11e6163a0;  1 drivers
v0x12f009a40_0 .net *"_ivl_3", 0 0, L_0x11e615a60;  1 drivers
v0x12f009af0_0 .net *"_ivl_4", 0 0, L_0x11e615b00;  1 drivers
v0x12f009ba0_0 .net *"_ivl_6", 0 0, L_0x11e615bb0;  1 drivers
v0x12f009c50_0 .net *"_ivl_9", 0 0, L_0x11e615ca0;  1 drivers
v0x12f009d00_0 .net "a", 1 0, L_0x11e616600;  1 drivers
v0x12f009db0_0 .net "agb", 0 0, L_0x11e6164d0;  alias, 1 drivers
v0x12f009e50_0 .net "b", 1 0, L_0x11e616720;  1 drivers
L_0x11e6159c0 .part L_0x11e616600, 1, 1;
L_0x11e615a60 .part L_0x11e616720, 1, 1;
L_0x11e615ca0 .part L_0x11e616600, 0, 1;
L_0x11e615d80 .part L_0x11e616720, 0, 1;
L_0x11e616040 .part L_0x11e616600, 1, 1;
L_0x11e616110 .part L_0x11e616720, 1, 1;
S_0x12f009f50 .scope module, "uut1" "equality_2bit" 6 9, 8 1 0, S_0x10e704490;
 .timescale 0 0;
    .port_info 0 /INPUT 2 "a";
    .port_info 1 /INPUT 2 "b";
    .port_info 2 /OUTPUT 1 "aeqb";
v0x12f00a170_0 .net "a", 1 0, L_0x11e6168e0;  1 drivers
v0x12f00a200_0 .net "aeqb", 0 0, L_0x11e616840;  alias, 1 drivers
v0x12f00a290_0 .net "b", 1 0, L_0x11e6169c0;  1 drivers
L_0x11e616840 .cmp/eq 2, L_0x11e6168e0, L_0x11e6169c0;
S_0x12f00a3a0 .scope module, "uut2" "greater_than_2bit" 6 10, 7 1 0, S_0x10e704490;
 .timescale 0 0;
    .port_info 0 /INPUT 2 "a";
    .port_info 1 /INPUT 2 "b";
    .port_info 2 /OUTPUT 1 "agb";
L_0x11e616c20 .functor NOT 1, L_0x11e616b80, C4<0>, C4<0>, C4<0>;
L_0x11e616cf0 .functor AND 1, L_0x11e616ae0, L_0x11e616c20, C4<1>, C4<1>;
L_0x11e616fc0 .functor NOT 1, L_0x11e616ee0, C4<0>, C4<0>, C4<0>;
L_0x11e617070 .functor AND 1, L_0x11e616e00, L_0x11e616fc0, C4<1>, C4<1>;
L_0x11e617310 .functor XOR 1, L_0x11e6171a0, L_0x11e617270, C4<0>, C4<0>;
L_0x11e617450 .functor NOT 1, L_0x11e617310, C4<0>, C4<0>, C4<0>;
L_0x11e617500 .functor AND 1, L_0x11e617070, L_0x11e617450, C4<1>, C4<1>;
L_0x11e617630 .functor OR 1, L_0x11e616cf0, L_0x11e617500, C4<0>, C4<0>;
v0x12f00a5e0_0 .net *"_ivl_1", 0 0, L_0x11e616ae0;  1 drivers
v0x12f00a690_0 .net *"_ivl_11", 0 0, L_0x11e616ee0;  1 drivers
v0x12f00a740_0 .net *"_ivl_12", 0 0, L_0x11e616fc0;  1 drivers
v0x12f00a800_0 .net *"_ivl_14", 0 0, L_0x11e617070;  1 drivers
v0x12f00a8b0_0 .net *"_ivl_17", 0 0, L_0x11e6171a0;  1 drivers
v0x12f00a9a0_0 .net *"_ivl_19", 0 0, L_0x11e617270;  1 drivers
v0x12f00aa50_0 .net *"_ivl_20", 0 0, L_0x11e617310;  1 drivers
v0x12f00ab00_0 .net *"_ivl_22", 0 0, L_0x11e617450;  1 drivers
v0x12f00abb0_0 .net *"_ivl_24", 0 0, L_0x11e617500;  1 drivers
v0x12f00acc0_0 .net *"_ivl_3", 0 0, L_0x11e616b80;  1 drivers
v0x12f00ad70_0 .net *"_ivl_4", 0 0, L_0x11e616c20;  1 drivers
v0x12f00ae20_0 .net *"_ivl_6", 0 0, L_0x11e616cf0;  1 drivers
v0x12f00aed0_0 .net *"_ivl_9", 0 0, L_0x11e616e00;  1 drivers
v0x12f00af80_0 .net "a", 1 0, L_0x11e617760;  1 drivers
v0x12f00b030_0 .net "agb", 0 0, L_0x11e617630;  alias, 1 drivers
v0x12f00b0d0_0 .net "b", 1 0, L_0x11e617880;  1 drivers
L_0x11e616ae0 .part L_0x11e617760, 1, 1;
L_0x11e616b80 .part L_0x11e617880, 1, 1;
L_0x11e616e00 .part L_0x11e617760, 0, 1;
L_0x11e616ee0 .part L_0x11e617880, 0, 1;
L_0x11e6171a0 .part L_0x11e617760, 1, 1;
L_0x11e617270 .part L_0x11e617880, 1, 1;
    .scope S_0x10e704310;
T_0 ;
    %pushi/vec4 0, 0, 3;
    %store/vec4 v0x12f009040_0, 0, 3;
    %delay 10, 0;
    %vpi_call/w 3 12 "$dumpfile", "waves/decoder_328.vcd" {0 0 0};
    %vpi_call/w 3 13 "$dumpvars", 32'sb00000000000000000000000000000000, S_0x10e704310 {0 0 0};
    %vpi_call/w 3 15 "$display", "--- Starting Test ---" {0 0 0};
    %pushi/vec4 0, 0, 32;
    %store/vec4 v0x12f008fa0_0, 0, 32;
T_0.0 ; Top of for-loop
    %load/vec4 v0x12f008fa0_0;
    %cmpi/s 8, 0, 32;
	  %jmp/0xz T_0.1, 5;
    %load/vec4 v0x12f008fa0_0;
    %parti/s 3, 0, 2;
    %store/vec4 v0x12f009040_0, 0, 3;
    %delay 10, 0;
    %vpi_call/w 3 20 "$display", "Test %0d: in[2]=%b, in[1]=%b, in[0]=%b | code=%b", v0x12f008fa0_0, &PV<v0x12f009040_0, 2, 1>, &PV<v0x12f009040_0, 1, 1>, &PV<v0x12f009040_0, 0, 1>, v0x12f008ed0_0 {0 0 0};
T_0.2 ; for-loop step statement
    %load/vec4 v0x12f008fa0_0;
    %addi 1, 0, 32;
    %store/vec4 v0x12f008fa0_0, 0, 32;
    %jmp T_0.0;
T_0.1 ; for-loop exit label
    %vpi_call/w 3 23 "$finish" {0 0 0};
    %end;
    .thread T_0;
# The file index is used to find the file name in the following table.
:file_names 9;
    "N/A";
    "<interactive>";
    "-";
    "tb/decoder_328_tb.v";
    "rtl/decoder_328.v";
    "rtl/decoder_224.v";
    "rtl/greater_than.v";
    "rtl/greater_than_2bit.v";
    "rtl/equality_2bit.v";
