#! /opt/homebrew/Cellar/icarus-verilog/13.0/bin/vvp
:ivl_version "13.0 (stable)" "(v13_0)";
:ivl_delay_selection "TYPICAL";
:vpi_time_precision - 12;
:vpi_module "/opt/homebrew/Cellar/icarus-verilog/13.0/lib/ivl/system.vpi";
:vpi_module "/opt/homebrew/Cellar/icarus-verilog/13.0/lib/ivl/vhdl_sys.vpi";
:vpi_module "/opt/homebrew/Cellar/icarus-verilog/13.0/lib/ivl/vhdl_textio.vpi";
:vpi_module "/opt/homebrew/Cellar/icarus-verilog/13.0/lib/ivl/v2005_math.vpi";
:vpi_module "/opt/homebrew/Cellar/icarus-verilog/13.0/lib/ivl/va_math.vpi";
S_0x149f06f20 .scope module, "greater_than_2bit_tb" "greater_than_2bit_tb" 2 2;
 .timescale -9 -12;
v0x14a80c6c0_0 .var "a", 1 0;
v0x14a80c790_0 .net "agb", 0 0, L_0x14a80d850;  1 drivers
v0x14a80c820_0 .var "b", 1 0;
v0x14a80c8d0_0 .var/i "error_count", 31 0;
v0x14a80c960_0 .var "expected_agb", 0 0;
v0x14a80ca30_0 .var/i "i", 31 0;
v0x14a80cae0_0 .var/i "j", 31 0;
v0x14a80cb90_0 .var/i "total_tests", 31 0;
S_0x149f07090 .scope module, "dut" "greater_than_2bit" 2 12, 3 1 0, S_0x149f06f20;
 .timescale 0 0;
    .port_info 0 /INPUT 2 "a";
    .port_info 1 /INPUT 2 "b";
    .port_info 2 /OUTPUT 1 "agb";
L_0x14a80ce00 .functor NOT 1, L_0x14a80cd20, C4<0>, C4<0>, C4<0>;
L_0x14a80ceb0 .functor AND 1, L_0x14a80cc40, L_0x14a80ce00, C4<1>, C4<1>;
L_0x14a80d120 .functor NOT 1, L_0x14a80d060, C4<0>, C4<0>, C4<0>;
L_0x14a80d1f0 .functor AND 1, L_0x14a80cfc0, L_0x14a80d120, C4<1>, C4<1>;
L_0x14a80d590 .functor XOR 1, L_0x14a80d320, L_0x14a80d470, C4<0>, C4<0>;
L_0x14a80d670 .functor NOT 1, L_0x14a80d590, C4<0>, C4<0>, C4<0>;
L_0x14a80d720 .functor AND 1, L_0x14a80d1f0, L_0x14a80d670, C4<1>, C4<1>;
L_0x14a80d850 .functor OR 1, L_0x14a80ceb0, L_0x14a80d720, C4<0>, C4<0>;
v0x149f07200_0 .net *"_ivl_1", 0 0, L_0x14a80cc40;  1 drivers
v0x14a80bba0_0 .net *"_ivl_11", 0 0, L_0x14a80d060;  1 drivers
v0x14a80bc60_0 .net *"_ivl_12", 0 0, L_0x14a80d120;  1 drivers
v0x14a80bd10_0 .net *"_ivl_14", 0 0, L_0x14a80d1f0;  1 drivers
v0x14a80bda0_0 .net *"_ivl_17", 0 0, L_0x14a80d320;  1 drivers
v0x14a80be90_0 .net *"_ivl_19", 0 0, L_0x14a80d470;  1 drivers
v0x14a80bf40_0 .net *"_ivl_20", 0 0, L_0x14a80d590;  1 drivers
v0x14a80bff0_0 .net *"_ivl_22", 0 0, L_0x14a80d670;  1 drivers
v0x14a80c0a0_0 .net *"_ivl_24", 0 0, L_0x14a80d720;  1 drivers
v0x14a80c1b0_0 .net *"_ivl_3", 0 0, L_0x14a80cd20;  1 drivers
v0x14a80c260_0 .net *"_ivl_4", 0 0, L_0x14a80ce00;  1 drivers
v0x14a80c310_0 .net *"_ivl_6", 0 0, L_0x14a80ceb0;  1 drivers
v0x14a80c3c0_0 .net *"_ivl_9", 0 0, L_0x14a80cfc0;  1 drivers
v0x14a80c470_0 .net "a", 1 0, v0x14a80c6c0_0;  1 drivers
v0x14a80c520_0 .net "agb", 0 0, L_0x14a80d850;  alias, 1 drivers
v0x14a80c5c0_0 .net "b", 1 0, v0x14a80c820_0;  1 drivers
L_0x14a80cc40 .part v0x14a80c6c0_0, 1, 1;
L_0x14a80cd20 .part v0x14a80c820_0, 1, 1;
L_0x14a80cfc0 .part v0x14a80c6c0_0, 0, 1;
L_0x14a80d060 .part v0x14a80c820_0, 0, 1;
L_0x14a80d320 .part v0x14a80c6c0_0, 1, 1;
L_0x14a80d470 .part v0x14a80c820_0, 1, 1;
    .scope S_0x149f06f20;
T_0 ;
    %vpi_call 2 15 "$dumpfile", "waves/greater_than_2bit.vcd" {0 0 0};
    %vpi_call 2 16 "$dumpvars", 32'sb00000000000000000000000000000000, S_0x149f06f20 {0 0 0};
    %vpi_call 2 17 "$display", "--- Starting Test (16 combinations) ---" {0 0 0};
    %pushi/vec4 0, 0, 32;
    %store/vec4 v0x14a80c8d0_0, 0, 32;
    %pushi/vec4 0, 0, 32;
    %store/vec4 v0x14a80cb90_0, 0, 32;
    %pushi/vec4 0, 0, 32;
    %store/vec4 v0x14a80ca30_0, 0, 32;
T_0.0 ; Top of for-loop
    %load/vec4 v0x14a80ca30_0;
    %cmpi/s 4, 0, 32;
	  %jmp/0xz T_0.1, 5;
    %pushi/vec4 0, 0, 32;
    %store/vec4 v0x14a80cae0_0, 0, 32;
T_0.3 ; Top of for-loop
    %load/vec4 v0x14a80cae0_0;
    %cmpi/s 4, 0, 32;
	  %jmp/0xz T_0.4, 5;
    %load/vec4 v0x14a80ca30_0;
    %parti/s 2, 0, 2;
    %store/vec4 v0x14a80c6c0_0, 0, 2;
    %load/vec4 v0x14a80cae0_0;
    %parti/s 2, 0, 2;
    %store/vec4 v0x14a80c820_0, 0, 2;
    %load/vec4 v0x14a80c820_0;
    %load/vec4 v0x14a80c6c0_0;
    %cmp/u;
    %flag_get/vec4 5;
    %store/vec4 v0x14a80c960_0, 0, 1;
    %delay 10000, 0;
    %load/vec4 v0x14a80cb90_0;
    %addi 1, 0, 32;
    %store/vec4 v0x14a80cb90_0, 0, 32;
    %load/vec4 v0x14a80c790_0;
    %load/vec4 v0x14a80c960_0;
    %cmp/ne;
    %jmp/0xz  T_0.6, 6;
    %vpi_call 2 28 "$display", "ERROR at %0t! a=%0d, b=%0d | Expected: %b, Got: %b", $time, v0x14a80c6c0_0, v0x14a80c820_0, v0x14a80c960_0, v0x14a80c790_0 {0 0 0};
    %load/vec4 v0x14a80c8d0_0;
    %addi 1, 0, 32;
    %store/vec4 v0x14a80c8d0_0, 0, 32;
    %jmp T_0.7;
T_0.6 ;
    %vpi_call 2 31 "$display", "PASS: a=%0d, b=%0d | agb=%b", v0x14a80c6c0_0, v0x14a80c820_0, v0x14a80c790_0 {0 0 0};
T_0.7 ;
T_0.5 ; for-loop step statement
    %load/vec4 v0x14a80cae0_0;
    %addi 1, 0, 32;
    %store/vec4 v0x14a80cae0_0, 0, 32;
    %jmp T_0.3;
T_0.4 ; for-loop exit label
T_0.2 ; for-loop step statement
    %load/vec4 v0x14a80ca30_0;
    %addi 1, 0, 32;
    %store/vec4 v0x14a80ca30_0, 0, 32;
    %jmp T_0.0;
T_0.1 ; for-loop exit label
    %vpi_call 2 36 "$display", "\012========================================" {0 0 0};
    %vpi_call 2 37 "$display", "TEST SUMMARY:" {0 0 0};
    %vpi_call 2 38 "$display", "Total Combinations Tested: %0d", v0x14a80cb90_0 {0 0 0};
    %load/vec4 v0x14a80c8d0_0;
    %cmpi/e 0, 0, 32;
    %jmp/0xz  T_0.8, 4;
    %vpi_call 2 41 "$display", "RESULT: PERFECT PASS! (0 Errors)" {0 0 0};
    %jmp T_0.9;
T_0.8 ;
    %vpi_call 2 43 "$display", "RESULT: FAILED! (%0d Errors found)", v0x14a80c8d0_0 {0 0 0};
T_0.9 ;
    %vpi_call 2 45 "$display", "========================================\012" {0 0 0};
    %vpi_call 2 47 "$finish" {0 0 0};
    %end;
    .thread T_0;
# The file index is used to find the file name in the following table.
:file_names 4;
    "N/A";
    "<interactive>";
    "tb/greater_than_2bit_tb.v";
    "rtl/greater_than_2bit.v";
