#! /opt/homebrew/Cellar/icarus-verilog/13.0/bin/vvp
:ivl_version "13.0 (stable)" "(v13_0)";
:ivl_delay_selection "TYPICAL";
:vpi_time_precision + 0;
:vpi_module "/opt/homebrew/Cellar/icarus-verilog/13.0/lib/ivl/system.vpi";
:vpi_module "/opt/homebrew/Cellar/icarus-verilog/13.0/lib/ivl/vhdl_sys.vpi";
:vpi_module "/opt/homebrew/Cellar/icarus-verilog/13.0/lib/ivl/vhdl_textio.vpi";
:vpi_module "/opt/homebrew/Cellar/icarus-verilog/13.0/lib/ivl/v2005_math.vpi";
:vpi_module "/opt/homebrew/Cellar/icarus-verilog/13.0/lib/ivl/va_math.vpi";
:vpi_module "/opt/homebrew/Cellar/icarus-verilog/13.0/lib/ivl/v2009.vpi";
S_0x11d907250 .scope package, "$unit" "$unit" 2 1;
 .timescale 0 0;
S_0x11d9073c0 .scope module, "b_shift_1" "b_shift_1" 3 1;
 .timescale 0 0;
    .port_info 0 /INPUT 1 "lr";
    .port_info 1 /INPUT 8 "data";
    .port_info 2 /OUTPUT 8 "shifted_data";
o0x120040070 .functor BUFZ 8, c4<zzzzzzzz>; HiZ drive
v0x11d920990_0 .net "data", 7 0, o0x120040070;  0 drivers
v0x11d920a70_0 .net "left_shift", 7 0, L_0x11d922dd0;  1 drivers
o0x120040220 .functor BUFZ 1, c4<z>; HiZ drive
v0x11d920b10_0 .net "lr", 0 0, o0x120040220;  0 drivers
v0x11d920bc0_0 .net "right_shift", 7 0, L_0x11d923050;  1 drivers
v0x11d920c70_0 .net "shifted_data", 7 0, L_0x11d9231d0;  1 drivers
L_0x11d9231d0 .functor MUXZ 8, L_0x11d923050, L_0x11d922dd0, o0x120040220, C4<>;
S_0x11d908110 .scope module, "uut0" "left_shift_1" 3 7, 3 13 0, S_0x11d9073c0;
 .timescale 0 0;
    .port_info 0 /INPUT 8 "data";
    .port_info 1 /OUTPUT 8 "shifted_data";
v0x11d908280_0 .net *"_ivl_1", 6 0, L_0x11d922bd0;  1 drivers
v0x11d920250_0 .net *"_ivl_3", 0 0, L_0x11d922c90;  1 drivers
v0x11d9202f0_0 .net "data", 7 0, o0x120040070;  alias, 0 drivers
v0x11d9203a0_0 .net "shifted_data", 7 0, L_0x11d922dd0;  alias, 1 drivers
L_0x11d922bd0 .part o0x120040070, 0, 7;
L_0x11d922c90 .part o0x120040070, 7, 1;
L_0x11d922dd0 .concat [ 1 7 0 0], L_0x11d922c90, L_0x11d922bd0;
S_0x11d920480 .scope module, "uut1" "right_shift_1" 3 8, 3 22 0, S_0x11d9073c0;
 .timescale 0 0;
    .port_info 0 /INPUT 8 "data";
    .port_info 1 /OUTPUT 8 "shifted_data";
v0x11d920680_0 .net *"_ivl_1", 0 0, L_0x11d922f10;  1 drivers
v0x11d920740_0 .net *"_ivl_3", 6 0, L_0x11d922fb0;  1 drivers
v0x11d9207f0_0 .net "data", 7 0, o0x120040070;  alias, 0 drivers
v0x11d9208c0_0 .net "shifted_data", 7 0, L_0x11d923050;  alias, 1 drivers
L_0x11d922f10 .part o0x120040070, 0, 1;
L_0x11d922fb0 .part o0x120040070, 1, 7;
L_0x11d923050 .concat [ 7 1 0 0], L_0x11d922fb0, L_0x11d922f10;
S_0x11d9063d0 .scope module, "barrel_shifter_tb" "barrel_shifter_tb" 4 1;
 .timescale 0 0;
P_0x11d909d50 .param/l "N" 1 4 4, +C4<00000000000000000000000000001000>;
v0x11d921f20_0 .var "amt", 2 0;
v0x11d921fb0_0 .var "data", 7 0;
v0x11d922040_0 .var/i "errors", 31 0;
v0x11d9220f0_0 .var "expected", 7 0;
v0x11d9221a0_0 .var/i "i", 31 0;
v0x11d922290_0 .var/i "j", 31 0;
v0x11d922340_0 .var "lr", 0 0;
v0x11d9223d0_0 .net "shifted_data", 7 0, L_0x11d923b60;  1 drivers
S_0x11d920d80 .scope module, "dut" "barrel_shifter" 4 15, 5 1 0, S_0x11d9063d0;
 .timescale 0 0;
    .port_info 0 /INPUT 1 "lr";
    .port_info 1 /INPUT 3 "amt";
    .port_info 2 /INPUT 8 "data";
    .port_info 3 /OUTPUT 8 "shifted_data";
P_0x11d920f50 .param/l "N" 0 5 2, +C4<00000000000000000000000000001000>;
L_0x11d923950 .functor OR 8, L_0x11d923490, L_0x11d923870, C4<00000000>, C4<00000000>;
v0x11d921470_0 .net *"_ivl_1", 7 0, L_0x11d923270;  1 drivers
L_0x120078058 .functor BUFT 1, C4<00000000000000000000000000000>, C4<0>, C4<0>, C4<0>;
v0x11d921530_0 .net *"_ivl_11", 28 0, L_0x120078058;  1 drivers
v0x11d9215e0_0 .net *"_ivl_12", 31 0, L_0x11d923700;  1 drivers
v0x11d9216a0_0 .net *"_ivl_14", 7 0, L_0x11d923870;  1 drivers
v0x11d921750_0 .net *"_ivl_19", 7 0, L_0x11d923a40;  1 drivers
v0x11d921840_0 .net *"_ivl_4", 7 0, L_0x11d923490;  1 drivers
L_0x120078010 .functor BUFT 1, C4<00000000000000000000000000001000>, C4<0>, C4<0>, C4<0>;
v0x11d9218f0_0 .net/2u *"_ivl_6", 31 0, L_0x120078010;  1 drivers
v0x11d9219a0_0 .net *"_ivl_8", 31 0, L_0x11d9235e0;  1 drivers
v0x11d921a50_0 .net "amt", 2 0, v0x11d921f20_0;  1 drivers
v0x11d921b60_0 .net "data", 7 0, v0x11d921fb0_0;  1 drivers
v0x11d921c10_0 .net "is_rev", 7 0, L_0x11d923370;  1 drivers
v0x11d921cc0_0 .net "lr", 0 0, v0x11d922340_0;  1 drivers
v0x11d921d60_0 .net "shifted", 7 0, L_0x11d923950;  1 drivers
v0x11d921e10_0 .net "shifted_data", 7 0, L_0x11d923b60;  alias, 1 drivers
L_0x11d923270 .ufunc/vec4 TD_barrel_shifter_tb.dut.reverse, 8, v0x11d921fb0_0 (v0x11d921300_0) S_0x11d921070;
L_0x11d923370 .functor MUXZ 8, v0x11d921fb0_0, L_0x11d923270, v0x11d922340_0, C4<>;
L_0x11d923490 .shift/r 8, L_0x11d923370, v0x11d921f20_0;
L_0x11d9235e0 .concat [ 3 29 0 0], v0x11d921f20_0, L_0x120078058;
L_0x11d923700 .arith/sub 32, L_0x120078010, L_0x11d9235e0;
L_0x11d923870 .shift/l 8, L_0x11d923370, L_0x11d923700;
L_0x11d923a40 .ufunc/vec4 TD_barrel_shifter_tb.dut.reverse, 8, L_0x11d923950 (v0x11d921300_0) S_0x11d921070;
L_0x11d923b60 .functor MUXZ 8, L_0x11d923950, L_0x11d923a40, v0x11d922340_0, C4<>;
S_0x11d921070 .scope function.vec4.s8, "reverse" "reverse" 5 10, 5 10 0, S_0x11d920d80;
 .timescale 0 0;
v0x11d921240_0 .var/i "i", 31 0;
v0x11d921300_0 .var "in", 7 0;
; Variable reverse is vec4 return value of scope S_0x11d921070
TD_barrel_shifter_tb.dut.reverse ;
    %pushi/vec4 0, 0, 32;
    %store/vec4 v0x11d921240_0, 0, 32;
T_0.0 ; Top of for-loop
    %load/vec4 v0x11d921240_0;
    %cmpi/s 8, 0, 32;
	  %jmp/0xz T_0.1, 5;
    %load/vec4 v0x11d921300_0;
    %pushi/vec4 7, 0, 32;
    %load/vec4 v0x11d921240_0;
    %sub;
    %part/s 1;
    %ix/getv/s 4, v0x11d921240_0;
    %ret/vec4 0, 4, 1; Assign to reverse (store_vec4_to_lval)
T_0.2 ; for-loop step statement
    %load/vec4 v0x11d921240_0;
    %addi 1, 0, 32;
    %store/vec4 v0x11d921240_0, 0, 32;
    %jmp T_0.0;
T_0.1 ; for-loop exit label
    %end;
S_0x11d906540 .scope module, "decoder_2_4_case" "decoder_2_4_case" 6 1;
 .timescale 0 0;
    .port_info 0 /INPUT 2 "a";
    .port_info 1 /INPUT 1 "en";
    .port_info 2 /OUTPUT 4 "y";
o0x1200407c0 .functor BUFZ 2, c4<zz>; HiZ drive
v0x11d9224d0_0 .net "a", 1 0, o0x1200407c0;  0 drivers
o0x1200407f0 .functor BUFZ 1, c4<z>; HiZ drive
v0x11d922590_0 .net "en", 0 0, o0x1200407f0;  0 drivers
v0x11d922630_0 .var "y", 3 0;
E_0x11d922480 .event anyedge, v0x11d922590_0, v0x11d9224d0_0;
S_0x11d90a410 .scope module, "decoder_2_4_if" "decoder_2_4_if" 7 1;
 .timescale 0 0;
    .port_info 0 /INPUT 2 "a";
    .port_info 1 /INPUT 1 "en";
    .port_info 2 /OUTPUT 4 "y";
o0x1200408e0 .functor BUFZ 2, c4<zz>; HiZ drive
v0x11d9227a0_0 .net "a", 1 0, o0x1200408e0;  0 drivers
o0x120040910 .functor BUFZ 1, c4<z>; HiZ drive
v0x11d922860_0 .net "en", 0 0, o0x120040910;  0 drivers
v0x11d922900_0 .var "y", 3 0;
E_0x11d922740 .event anyedge, v0x11d922860_0, v0x11d9227a0_0;
S_0x11d90a580 .scope module, "prio_encoder_if" "prio_encoder_if" 8 1;
 .timescale 0 0;
    .port_info 0 /INPUT 4 "r";
    .port_info 1 /OUTPUT 3 "y";
o0x120040a00 .functor BUFZ 4, c4<zzzz>; HiZ drive
v0x11d922a50_0 .net "r", 4 1, o0x120040a00;  0 drivers
v0x11d922b10_0 .var "y", 2 0;
E_0x11d9229f0 .event anyedge, v0x11d922a50_0;
    .scope S_0x11d9063d0;
T_1 ;
    %vpi_call/w 4 20 "$dumpfile", "waves/barrel_shifter.vcd" {0 0 0};
    %vpi_call/w 4 21 "$dumpvars", 32'sb00000000000000000000000000000000, S_0x11d9063d0 {0 0 0};
    %pushi/vec4 177, 0, 8;
    %store/vec4 v0x11d921fb0_0, 0, 8;
    %pushi/vec4 0, 0, 32;
    %store/vec4 v0x11d922040_0, 0, 32;
    %vpi_call/w 4 28 "$display", "--- Statrting Test  (N=%0d) ---", P_0x11d909d50 {0 0 0};
    %vpi_call/w 4 29 "$display", "Input data: %b", v0x11d921fb0_0 {0 0 0};
    %pushi/vec4 0, 0, 32;
    %store/vec4 v0x11d9221a0_0, 0, 32;
T_1.0 ; Top of for-loop
    %load/vec4 v0x11d9221a0_0;
    %cmpi/s 2, 0, 32;
	  %jmp/0xz T_1.1, 5;
    %load/vec4 v0x11d9221a0_0;
    %pad/s 1;
    %store/vec4 v0x11d922340_0, 0, 1;
    %pushi/vec4 0, 0, 32;
    %store/vec4 v0x11d922290_0, 0, 32;
T_1.3 ; Top of for-loop
    %load/vec4 v0x11d922290_0;
    %cmpi/s 8, 0, 32;
	  %jmp/0xz T_1.4, 5;
    %load/vec4 v0x11d922290_0;
    %pad/s 3;
    %store/vec4 v0x11d921f20_0, 0, 3;
    %load/vec4 v0x11d922340_0;
    %pad/u 32;
    %cmpi/e 0, 0, 32;
    %jmp/0xz  T_1.6, 4;
    %load/vec4 v0x11d921fb0_0;
    %ix/getv 4, v0x11d921f20_0;
    %shiftr 4;
    %load/vec4 v0x11d921fb0_0;
    %pushi/vec4 8, 0, 32;
    %load/vec4 v0x11d921f20_0;
    %pad/u 32;
    %sub;
    %ix/vec4 4;
    %shiftl 4;
    %or;
    %store/vec4 v0x11d9220f0_0, 0, 8;
    %jmp T_1.7;
T_1.6 ;
    %load/vec4 v0x11d921fb0_0;
    %ix/getv 4, v0x11d921f20_0;
    %shiftl 4;
    %load/vec4 v0x11d921fb0_0;
    %pushi/vec4 8, 0, 32;
    %load/vec4 v0x11d921f20_0;
    %pad/u 32;
    %sub;
    %ix/vec4 4;
    %shiftr 4;
    %or;
    %store/vec4 v0x11d9220f0_0, 0, 8;
T_1.7 ;
    %delay 10, 0;
    %load/vec4 v0x11d9223d0_0;
    %load/vec4 v0x11d9220f0_0;
    %cmp/ne;
    %jmp/0xz  T_1.8, 6;
    %vpi_call/w 4 44 "$display", "ERROR: lr=%b, amt=%0d, data=%b | Expected: %b, Got: %b", v0x11d922340_0, v0x11d921f20_0, v0x11d921fb0_0, v0x11d9220f0_0, v0x11d9223d0_0 {0 0 0};
    %load/vec4 v0x11d922040_0;
    %addi 1, 0, 32;
    %store/vec4 v0x11d922040_0, 0, 32;
    %jmp T_1.9;
T_1.8 ;
    %vpi_call/w 4 47 "$display", "PASS: lr=%b, amt=%0d, data=%b | shifted_data=%b", v0x11d922340_0, v0x11d921f20_0, v0x11d921fb0_0, v0x11d9223d0_0 {0 0 0};
T_1.9 ;
T_1.5 ; for-loop step statement
    %load/vec4 v0x11d922290_0;
    %addi 1, 0, 32;
    %store/vec4 v0x11d922290_0, 0, 32;
    %jmp T_1.3;
T_1.4 ; for-loop exit label
T_1.2 ; for-loop step statement
    %load/vec4 v0x11d9221a0_0;
    %addi 1, 0, 32;
    %store/vec4 v0x11d9221a0_0, 0, 32;
    %jmp T_1.0;
T_1.1 ; for-loop exit label
    %vpi_call/w 4 54 "$display", "********************************" {0 0 0};
    %load/vec4 v0x11d922040_0;
    %cmpi/e 0, 0, 32;
    %jmp/0xz  T_1.10, 4;
    %vpi_call/w 4 55 "$display", "RESULT: Test PASS (0 Errors)" {0 0 0};
    %jmp T_1.11;
T_1.10 ;
    %vpi_call/w 4 56 "$display", "RESULT: Test FAIL (%0d Errors)", v0x11d922040_0 {0 0 0};
T_1.11 ;
    %vpi_call/w 4 57 "$display", "********************************" {0 0 0};
    %vpi_call/w 4 59 "$finish" {0 0 0};
    %end;
    .thread T_1;
    .scope S_0x11d906540;
T_2 ;
    %wait E_0x11d922480;
    %load/vec4 v0x11d922590_0;
    %load/vec4 v0x11d9224d0_0;
    %concat/vec4; draw_concat_vec4
    %dup/vec4;
    %pushi/vec4 1, 0, 3;
    %cmp/u;
    %jmp/1 T_2.0, 6;
    %dup/vec4;
    %pushi/vec4 2, 0, 3;
    %cmp/u;
    %jmp/1 T_2.1, 6;
    %dup/vec4;
    %pushi/vec4 3, 0, 3;
    %cmp/u;
    %jmp/1 T_2.2, 6;
    %dup/vec4;
    %pushi/vec4 3, 0, 3;
    %cmp/u;
    %jmp/1 T_2.3, 6;
    %dup/vec4;
    %pushi/vec4 0, 0, 3;
    %cmp/u;
    %jmp/1 T_2.4, 6;
    %dup/vec4;
    %pushi/vec4 4, 0, 3;
    %cmp/u;
    %jmp/1 T_2.5, 6;
    %dup/vec4;
    %pushi/vec4 5, 0, 3;
    %cmp/u;
    %jmp/1 T_2.6, 6;
    %dup/vec4;
    %pushi/vec4 6, 0, 3;
    %cmp/u;
    %jmp/1 T_2.7, 6;
    %dup/vec4;
    %pushi/vec4 7, 0, 3;
    %cmp/u;
    %jmp/1 T_2.8, 6;
    %jmp T_2.9;
T_2.0 ;
    %pushi/vec4 0, 0, 4;
    %store/vec4 v0x11d922630_0, 0, 4;
    %jmp T_2.9;
T_2.1 ;
    %pushi/vec4 0, 0, 4;
    %store/vec4 v0x11d922630_0, 0, 4;
    %jmp T_2.9;
T_2.2 ;
    %pushi/vec4 0, 0, 4;
    %store/vec4 v0x11d922630_0, 0, 4;
    %jmp T_2.9;
T_2.3 ;
    %pushi/vec4 0, 0, 4;
    %store/vec4 v0x11d922630_0, 0, 4;
    %jmp T_2.9;
T_2.4 ;
    %pushi/vec4 0, 0, 4;
    %store/vec4 v0x11d922630_0, 0, 4;
    %jmp T_2.9;
T_2.5 ;
    %pushi/vec4 1, 0, 4;
    %store/vec4 v0x11d922630_0, 0, 4;
    %jmp T_2.9;
T_2.6 ;
    %pushi/vec4 2, 0, 4;
    %store/vec4 v0x11d922630_0, 0, 4;
    %jmp T_2.9;
T_2.7 ;
    %pushi/vec4 4, 0, 4;
    %store/vec4 v0x11d922630_0, 0, 4;
    %jmp T_2.9;
T_2.8 ;
    %pushi/vec4 8, 0, 4;
    %store/vec4 v0x11d922630_0, 0, 4;
    %jmp T_2.9;
T_2.9 ;
    %pop/vec4 1;
    %jmp T_2;
    .thread T_2, $push;
    .scope S_0x11d90a410;
T_3 ;
    %wait E_0x11d922740;
    %load/vec4 v0x11d922860_0;
    %inv;
    %flag_set/vec4 8;
    %jmp/0xz  T_3.0, 8;
    %pushi/vec4 0, 0, 4;
    %store/vec4 v0x11d922900_0, 0, 4;
    %jmp T_3.1;
T_3.0 ;
    %load/vec4 v0x11d9227a0_0;
    %cmpi/e 0, 0, 2;
    %jmp/0xz  T_3.2, 4;
    %pushi/vec4 1, 0, 4;
    %store/vec4 v0x11d922900_0, 0, 4;
    %jmp T_3.3;
T_3.2 ;
    %load/vec4 v0x11d9227a0_0;
    %cmpi/e 1, 0, 2;
    %jmp/0xz  T_3.4, 4;
    %pushi/vec4 2, 0, 4;
    %store/vec4 v0x11d922900_0, 0, 4;
    %jmp T_3.5;
T_3.4 ;
    %load/vec4 v0x11d9227a0_0;
    %cmpi/e 2, 0, 2;
    %jmp/0xz  T_3.6, 4;
    %pushi/vec4 4, 0, 4;
    %store/vec4 v0x11d922900_0, 0, 4;
    %jmp T_3.7;
T_3.6 ;
    %pushi/vec4 8, 0, 4;
    %store/vec4 v0x11d922900_0, 0, 4;
T_3.7 ;
T_3.5 ;
T_3.3 ;
T_3.1 ;
    %jmp T_3;
    .thread T_3, $push;
    .scope S_0x11d90a580;
T_4 ;
    %wait E_0x11d9229f0;
    %load/vec4 v0x11d922a50_0;
    %parti/s 1, 3, 3;
    %cmpi/e 1, 0, 1;
    %jmp/0xz  T_4.0, 4;
    %pushi/vec4 4, 0, 3;
    %store/vec4 v0x11d922b10_0, 0, 3;
    %jmp T_4.1;
T_4.0 ;
    %load/vec4 v0x11d922a50_0;
    %parti/s 1, 2, 3;
    %cmpi/e 1, 0, 1;
    %jmp/0xz  T_4.2, 4;
    %pushi/vec4 3, 0, 3;
    %store/vec4 v0x11d922b10_0, 0, 3;
    %jmp T_4.3;
T_4.2 ;
    %load/vec4 v0x11d922a50_0;
    %parti/s 1, 1, 2;
    %cmpi/e 1, 0, 1;
    %jmp/0xz  T_4.4, 4;
    %pushi/vec4 2, 0, 3;
    %store/vec4 v0x11d922b10_0, 0, 3;
    %jmp T_4.5;
T_4.4 ;
    %load/vec4 v0x11d922a50_0;
    %parti/s 1, 0, 2;
    %cmpi/e 1, 0, 1;
    %jmp/0xz  T_4.6, 4;
    %pushi/vec4 1, 0, 3;
    %store/vec4 v0x11d922b10_0, 0, 3;
    %jmp T_4.7;
T_4.6 ;
    %pushi/vec4 0, 0, 3;
    %store/vec4 v0x11d922b10_0, 0, 3;
T_4.7 ;
T_4.5 ;
T_4.3 ;
T_4.1 ;
    %jmp T_4;
    .thread T_4, $push;
# The file index is used to find the file name in the following table.
:file_names 9;
    "N/A";
    "<interactive>";
    "-";
    "rtl/b_shift_1.v";
    "tb/barrel_shifter_tb.v";
    "rtl/barrel_shifter.v";
    "rtl/decoder_2_4_case.v";
    "rtl/decoder_2_4_if.v";
    "rtl/prio_encoder_if.v";
