#! /opt/homebrew/Cellar/icarus-verilog/13.0/bin/vvp
:ivl_version "13.0 (stable)" "(v13_0)";
:ivl_delay_selection "TYPICAL";
:vpi_time_precision + 0;
:vpi_module "/opt/homebrew/Cellar/icarus-verilog/13.0/lib/ivl/system.vpi";
:vpi_module "/opt/homebrew/Cellar/icarus-verilog/13.0/lib/ivl/vhdl_sys.vpi";
:vpi_module "/opt/homebrew/Cellar/icarus-verilog/13.0/lib/ivl/vhdl_textio.vpi";
:vpi_module "/opt/homebrew/Cellar/icarus-verilog/13.0/lib/ivl/v2005_math.vpi";
:vpi_module "/opt/homebrew/Cellar/icarus-verilog/13.0/lib/ivl/va_math.vpi";
:vpi_module "/opt/homebrew/Cellar/icarus-verilog/13.0/lib/ivl/v2009.vpi";
S_0x12f0044e0 .scope package, "$unit" "$unit" 2 1;
 .timescale 0 0;
S_0x12f004720 .scope module, "b_shift_1" "b_shift_1" 3 1;
 .timescale 0 0;
    .port_info 0 /INPUT 1 "lr";
    .port_info 1 /INPUT 8 "data";
    .port_info 2 /OUTPUT 8 "shifted_data";
o0x110008070 .functor BUFZ 8, c4<zzzzzzzz>; HiZ drive
v0x12f015e70_0 .net "data", 7 0, o0x110008070;  0 drivers
v0x12f015f50_0 .net "left_shift", 7 0, L_0x12f0205a0;  1 drivers
o0x110008220 .functor BUFZ 1, c4<z>; HiZ drive
v0x12f015ff0_0 .net "lr", 0 0, o0x110008220;  0 drivers
v0x12f0160a0_0 .net "right_shift", 7 0, L_0x12f020820;  1 drivers
v0x12f016150_0 .net "shifted_data", 7 0, L_0x12f0209a0;  1 drivers
L_0x12f0209a0 .functor MUXZ 8, L_0x12f020820, L_0x12f0205a0, o0x110008220, C4<>;
S_0x12f005540 .scope module, "uut0" "left_shift_1" 3 7, 3 13 0, S_0x12f004720;
 .timescale 0 0;
    .port_info 0 /INPUT 8 "data";
    .port_info 1 /OUTPUT 8 "shifted_data";
v0x12f0056b0_0 .net *"_ivl_1", 6 0, L_0x12f0203a0;  1 drivers
v0x12f015730_0 .net *"_ivl_3", 0 0, L_0x12f020460;  1 drivers
v0x12f0157d0_0 .net "data", 7 0, o0x110008070;  alias, 0 drivers
v0x12f015880_0 .net "shifted_data", 7 0, L_0x12f0205a0;  alias, 1 drivers
L_0x12f0203a0 .part o0x110008070, 0, 7;
L_0x12f020460 .part o0x110008070, 7, 1;
L_0x12f0205a0 .concat [ 1 7 0 0], L_0x12f020460, L_0x12f0203a0;
S_0x12f015960 .scope module, "uut1" "right_shift_1" 3 8, 3 22 0, S_0x12f004720;
 .timescale 0 0;
    .port_info 0 /INPUT 8 "data";
    .port_info 1 /OUTPUT 8 "shifted_data";
v0x12f015b60_0 .net *"_ivl_1", 0 0, L_0x12f0206e0;  1 drivers
v0x12f015c20_0 .net *"_ivl_3", 6 0, L_0x12f020780;  1 drivers
v0x12f015cd0_0 .net "data", 7 0, o0x110008070;  alias, 0 drivers
v0x12f015da0_0 .net "shifted_data", 7 0, L_0x12f020820;  alias, 1 drivers
L_0x12f0206e0 .part o0x110008070, 0, 1;
L_0x12f020780 .part o0x110008070, 1, 7;
L_0x12f020820 .concat [ 7 1 0 0], L_0x12f020780, L_0x12f0206e0;
S_0x12f004920 .scope module, "barrel_shifter" "barrel_shifter" 4 1;
 .timescale 0 0;
    .port_info 0 /INPUT 1 "lr";
    .port_info 1 /INPUT 3 "amt";
    .port_info 2 /INPUT 8 "data";
    .port_info 3 /OUTPUT 8 "shifted_data";
P_0x12f0043b0 .param/l "N" 0 4 2, +C4<00000000000000000000000000001000>;
L_0x12f021160 .functor OR 8, L_0x12f020c80, L_0x12f021080, C4<00000000>, C4<00000000>;
v0x12f016640_0 .net *"_ivl_1", 7 0, L_0x12f020a40;  1 drivers
L_0x110040058 .functor BUFT 1, C4<00000000000000000000000000000>, C4<0>, C4<0>, C4<0>;
v0x12f016700_0 .net *"_ivl_11", 28 0, L_0x110040058;  1 drivers
v0x12f0167b0_0 .net *"_ivl_12", 31 0, L_0x12f020f10;  1 drivers
v0x12f016870_0 .net *"_ivl_14", 7 0, L_0x12f021080;  1 drivers
v0x12f016920_0 .net *"_ivl_19", 7 0, L_0x12f021250;  1 drivers
v0x12f016a10_0 .net *"_ivl_4", 7 0, L_0x12f020c80;  1 drivers
L_0x110040010 .functor BUFT 1, C4<00000000000000000000000000001000>, C4<0>, C4<0>, C4<0>;
v0x12f016ac0_0 .net/2u *"_ivl_6", 31 0, L_0x110040010;  1 drivers
v0x12f016b70_0 .net *"_ivl_8", 31 0, L_0x12f020db0;  1 drivers
o0x110008520 .functor BUFZ 3, c4<zzz>; HiZ drive
v0x12f016c20_0 .net "amt", 2 0, o0x110008520;  0 drivers
o0x110008550 .functor BUFZ 8, c4<zzzzzzzz>; HiZ drive
v0x12f016d30_0 .net "data", 7 0, o0x110008550;  0 drivers
v0x12f016de0_0 .net "is_rev", 7 0, L_0x12f020b20;  1 drivers
o0x1100085b0 .functor BUFZ 1, c4<z>; HiZ drive
v0x12f016e90_0 .net "lr", 0 0, o0x1100085b0;  0 drivers
v0x12f016f30_0 .net "shifted", 7 0, L_0x12f021160;  1 drivers
v0x12f016fe0_0 .net "shifted_data", 7 0, L_0x12f021370;  1 drivers
L_0x12f020a40 .ufunc/vec4 TD_barrel_shifter.reverse, 8, o0x110008550 (v0x12f0164f0_0) S_0x12f016260;
L_0x12f020b20 .functor MUXZ 8, o0x110008550, L_0x12f020a40, o0x1100085b0, C4<>;
L_0x12f020c80 .shift/r 8, L_0x12f020b20, o0x110008520;
L_0x12f020db0 .concat [ 3 29 0 0], o0x110008520, L_0x110040058;
L_0x12f020f10 .arith/sub 32, L_0x110040010, L_0x12f020db0;
L_0x12f021080 .shift/l 8, L_0x12f020b20, L_0x12f020f10;
L_0x12f021250 .ufunc/vec4 TD_barrel_shifter.reverse, 8, L_0x12f021160 (v0x12f0164f0_0) S_0x12f016260;
L_0x12f021370 .functor MUXZ 8, L_0x12f021160, L_0x12f021250, o0x1100085b0, C4<>;
S_0x12f016260 .scope function.vec4.s8, "reverse" "reverse" 4 10, 4 10 0, S_0x12f004920;
 .timescale 0 0;
v0x12f016430_0 .var/i "i", 31 0;
v0x12f0164f0_0 .var "in", 7 0;
; Variable reverse is vec4 return value of scope S_0x12f016260
TD_barrel_shifter.reverse ;
    %pushi/vec4 0, 0, 32;
    %store/vec4 v0x12f016430_0, 0, 32;
T_0.0 ; Top of for-loop
    %load/vec4 v0x12f016430_0;
    %cmpi/s 8, 0, 32;
	  %jmp/0xz T_0.1, 5;
    %load/vec4 v0x12f0164f0_0;
    %pushi/vec4 7, 0, 32;
    %load/vec4 v0x12f016430_0;
    %sub;
    %part/s 1;
    %ix/getv/s 4, v0x12f016430_0;
    %ret/vec4 0, 4, 1; Assign to reverse (store_vec4_to_lval)
T_0.2 ; for-loop step statement
    %load/vec4 v0x12f016430_0;
    %addi 1, 0, 32;
    %store/vec4 v0x12f016430_0, 0, 32;
    %jmp T_0.0;
T_0.1 ; for-loop exit label
    %end;
S_0x12f004ba0 .scope module, "bcd_incrementor_tb" "bcd_incrementor_tb" 5 1;
 .timescale 0 0;
v0x12f018c80_0 .net "bcd", 11 0, L_0x12f021da0;  1 drivers
v0x12f018d30_0 .var/i "errors", 31 0;
v0x12f018dd0_0 .var "exp_bcd", 11 0;
v0x12f018e90_0 .var "exp_overflow", 0 0;
v0x12f018f30_0 .var/i "i", 31 0;
v0x12f019020_0 .var/i "j", 31 0;
v0x12f0190d0_0 .var/i "k", 31 0;
v0x12f019180_0 .var "num_in", 11 0;
v0x12f019220_0 .net "overflow", 0 0, L_0x12f021b50;  1 drivers
S_0x12f0170f0 .scope module, "dut" "bcd_incrementor" 5 6, 6 1 0, S_0x12f004ba0;
 .timescale 0 0;
    .port_info 0 /INPUT 12 "num_in";
    .port_info 1 /OUTPUT 12 "bcd";
    .port_info 2 /OUTPUT 1 "overflow";
v0x12f0188b0_0 .net "bcd", 11 0, L_0x12f021da0;  alias, 1 drivers
v0x12f018970_0 .net "en1", 0 0, L_0x12f021570;  1 drivers
v0x12f018a50_0 .net "en2", 0 0, L_0x12f0218a0;  1 drivers
v0x12f018b20_0 .net "num_in", 11 0, v0x12f019180_0;  1 drivers
v0x12f018bb0_0 .net "overflow", 0 0, L_0x12f021b50;  alias, 1 drivers
L_0x12f021660 .part v0x12f019180_0, 0, 4;
L_0x12f021990 .part v0x12f019180_0, 4, 4;
L_0x12f021c40 .part v0x12f019180_0, 8, 4;
L_0x12f021da0 .concat8 [ 4 4 4 0], v0x12f017950_0, v0x12f018080_0, v0x12f0187c0_0;
S_0x12f017310 .scope module, "uut0" "bcd_inc_4bit" 6 9, 6 16 0, S_0x12f0170f0;
 .timescale 0 0;
    .port_info 0 /INPUT 1 "en";
    .port_info 1 /INPUT 4 "num";
    .port_info 2 /OUTPUT 4 "num_inc";
    .port_info 3 /OUTPUT 1 "en_next";
L_0x1100400e8 .functor BUFT 1, C4<1>, C4<0>, C4<0>, C4<0>;
L_0x12f021570 .functor AND 1, L_0x1100400e8, L_0x12f021490, C4<1>, C4<1>;
L_0x1100400a0 .functor BUFT 1, C4<1001>, C4<0>, C4<0>, C4<0>;
v0x12f0175b0_0 .net/2u *"_ivl_0", 3 0, L_0x1100400a0;  1 drivers
v0x12f017670_0 .net *"_ivl_2", 0 0, L_0x12f021490;  1 drivers
v0x12f017710_0 .net "en", 0 0, L_0x1100400e8;  1 drivers
v0x12f0177c0_0 .net "en_next", 0 0, L_0x12f021570;  alias, 1 drivers
v0x12f017860_0 .net "num", 3 0, L_0x12f021660;  1 drivers
v0x12f017950_0 .var "num_inc", 3 0;
E_0x12f017550 .event anyedge, v0x12f017710_0, v0x12f017860_0;
L_0x12f021490 .cmp/eq 4, L_0x12f021660, L_0x1100400a0;
S_0x12f017a40 .scope module, "uut1" "bcd_inc_4bit" 6 10, 6 16 0, S_0x12f0170f0;
 .timescale 0 0;
    .port_info 0 /INPUT 1 "en";
    .port_info 1 /INPUT 4 "num";
    .port_info 2 /OUTPUT 4 "num_inc";
    .port_info 3 /OUTPUT 1 "en_next";
L_0x12f0218a0 .functor AND 1, L_0x12f021570, L_0x12f0217c0, C4<1>, C4<1>;
L_0x110040130 .functor BUFT 1, C4<1001>, C4<0>, C4<0>, C4<0>;
v0x12f017ce0_0 .net/2u *"_ivl_0", 3 0, L_0x110040130;  1 drivers
v0x12f017da0_0 .net *"_ivl_2", 0 0, L_0x12f0217c0;  1 drivers
v0x12f017e40_0 .net "en", 0 0, L_0x12f021570;  alias, 1 drivers
v0x12f017f10_0 .net "en_next", 0 0, L_0x12f0218a0;  alias, 1 drivers
v0x12f017fa0_0 .net "num", 3 0, L_0x12f021990;  1 drivers
v0x12f018080_0 .var "num_inc", 3 0;
E_0x12f017c90 .event anyedge, v0x12f0177c0_0, v0x12f017fa0_0;
L_0x12f0217c0 .cmp/eq 4, L_0x12f021990, L_0x110040130;
S_0x12f018170 .scope module, "uut2" "bcd_inc_4bit" 6 11, 6 16 0, S_0x12f0170f0;
 .timescale 0 0;
    .port_info 0 /INPUT 1 "en";
    .port_info 1 /INPUT 4 "num";
    .port_info 2 /OUTPUT 4 "num_inc";
    .port_info 3 /OUTPUT 1 "en_next";
L_0x12f021b50 .functor AND 1, L_0x12f0218a0, L_0x12f021a70, C4<1>, C4<1>;
L_0x110040178 .functor BUFT 1, C4<1001>, C4<0>, C4<0>, C4<0>;
v0x12f018420_0 .net/2u *"_ivl_0", 3 0, L_0x110040178;  1 drivers
v0x12f0184e0_0 .net *"_ivl_2", 0 0, L_0x12f021a70;  1 drivers
v0x12f018580_0 .net "en", 0 0, L_0x12f0218a0;  alias, 1 drivers
v0x12f018650_0 .net "en_next", 0 0, L_0x12f021b50;  alias, 1 drivers
v0x12f0186e0_0 .net "num", 3 0, L_0x12f021c40;  1 drivers
v0x12f0187c0_0 .var "num_inc", 3 0;
E_0x12f0183d0 .event anyedge, v0x12f017f10_0, v0x12f0186e0_0;
L_0x12f021a70 .cmp/eq 4, L_0x12f021c40, L_0x110040178;
S_0x12f004d30 .scope module, "decoder_2_4_case" "decoder_2_4_case" 7 1;
 .timescale 0 0;
    .port_info 0 /INPUT 2 "a";
    .port_info 1 /INPUT 1 "en";
    .port_info 2 /OUTPUT 4 "y";
o0x110008e50 .functor BUFZ 2, c4<zz>; HiZ drive
v0x12f019380_0 .net "a", 1 0, o0x110008e50;  0 drivers
o0x110008e80 .functor BUFZ 1, c4<z>; HiZ drive
v0x12f019440_0 .net "en", 0 0, o0x110008e80;  0 drivers
v0x12f0194e0_0 .var "y", 3 0;
E_0x12f019330 .event anyedge, v0x12f019440_0, v0x12f019380_0;
S_0x12f004f20 .scope module, "decoder_2_4_if" "decoder_2_4_if" 8 1;
 .timescale 0 0;
    .port_info 0 /INPUT 2 "a";
    .port_info 1 /INPUT 1 "en";
    .port_info 2 /OUTPUT 4 "y";
o0x110008f70 .functor BUFZ 2, c4<zz>; HiZ drive
v0x12f019630_0 .net "a", 1 0, o0x110008f70;  0 drivers
o0x110008fa0 .functor BUFZ 1, c4<z>; HiZ drive
v0x12f0196f0_0 .net "en", 0 0, o0x110008fa0;  0 drivers
v0x12f019790_0 .var "y", 3 0;
E_0x12f0195d0 .event anyedge, v0x12f0196f0_0, v0x12f019630_0;
S_0x12f005150 .scope module, "dual_priority_encoder" "dual_priority_encoder" 9 1;
 .timescale 0 0;
    .port_info 0 /INPUT 12 "req";
    .port_info 1 /OUTPUT 4 "first";
    .port_info 2 /OUTPUT 4 "second";
    .port_info 3 /OUTPUT 1 "first_valid";
    .port_info 4 /OUTPUT 1 "second_valid";
o0x110009b40 .functor BUFZ 12, c4<zzzzzzzzzzzz>; HiZ drive
L_0x12f024710 .functor XOR 12, L_0x12f0245f0, o0x110009b40, C4<000000000000>, C4<000000000000>;
L_0x110040640 .functor BUFT 1, C4<000000000001>, C4<0>, C4<0>, C4<0>;
v0x12f01fab0_0 .net/2u *"_ivl_0", 11 0, L_0x110040640;  1 drivers
v0x12f01fb40_0 .net *"_ivl_2", 11 0, L_0x12f024510;  1 drivers
L_0x110040688 .functor BUFT 1, C4<000000000000>, C4<0>, C4<0>, C4<0>;
v0x12f01fbd0_0 .net/2u *"_ivl_4", 11 0, L_0x110040688;  1 drivers
v0x12f01fc60_0 .net "dup_req", 11 0, L_0x12f024710;  1 drivers
v0x12f01fd10_0 .net "first", 3 0, L_0x12f024370;  1 drivers
v0x12f01fde0_0 .net "first_valid", 0 0, L_0x12f023a30;  1 drivers
v0x12f01fe90_0 .net "mask", 11 0, L_0x12f0245f0;  1 drivers
v0x12f01ff20_0 .net "req", 11 0, o0x110009b40;  0 drivers
v0x12f01ffd0_0 .net "second", 3 0, L_0x12f026c80;  1 drivers
v0x12f020100_0 .net "second_valid", 0 0, L_0x12f026340;  1 drivers
L_0x12f024510 .shift/l 12, L_0x110040640, L_0x12f024370;
L_0x12f0245f0 .functor MUXZ 12, L_0x110040688, L_0x12f024510, L_0x12f023a30, C4<>;
S_0x12f019880 .scope module, "uut0" "priority_encoder" 9 7, 9 19 0, S_0x12f005150;
 .timescale 0 0;
    .port_info 0 /INPUT 12 "data";
    .port_info 1 /OUTPUT 4 "index";
    .port_info 2 /OUTPUT 1 "valid";
v0x12f01bc90_0 .net *"_ivl_19", 0 0, L_0x12f023b50;  1 drivers
L_0x110040520 .functor BUFT 1, C4<10>, C4<0>, C4<0>, C4<0>;
v0x12f01bd20_0 .net/2u *"_ivl_20", 1 0, L_0x110040520;  1 drivers
v0x12f01bdb0_0 .net *"_ivl_23", 3 0, L_0x12f023bf0;  1 drivers
v0x12f01be60_0 .net *"_ivl_26", 0 0, L_0x12f023d10;  1 drivers
L_0x110040568 .functor BUFT 1, C4<01>, C4<0>, C4<0>, C4<0>;
v0x12f01bf10_0 .net/2u *"_ivl_27", 1 0, L_0x110040568;  1 drivers
v0x12f01c000_0 .net *"_ivl_30", 3 0, L_0x12f023e30;  1 drivers
v0x12f01c0b0_0 .net *"_ivl_33", 0 0, L_0x12f023f20;  1 drivers
L_0x1100405b0 .functor BUFT 1, C4<00>, C4<0>, C4<0>, C4<0>;
v0x12f01c160_0 .net/2u *"_ivl_34", 1 0, L_0x1100405b0;  1 drivers
v0x12f01c210_0 .net *"_ivl_37", 3 0, L_0x12f023fc0;  1 drivers
L_0x1100405f8 .functor BUFT 1, C4<0000>, C4<0>, C4<0>, C4<0>;
v0x12f01c320_0 .net/2u *"_ivl_39", 3 0, L_0x1100405f8;  1 drivers
v0x12f01c3d0_0 .net *"_ivl_41", 3 0, L_0x12f0240c0;  1 drivers
v0x12f01c480_0 .net *"_ivl_43", 3 0, L_0x12f0241e0;  1 drivers
v0x12f01c530_0 .net "data", 11 0, o0x110009b40;  alias, 0 drivers
v0x12f01c5e0_0 .net "index", 3 0, L_0x12f024370;  alias, 1 drivers
v0x12f01c690 .array "indexes", 0 2;
v0x12f01c690_0 .net v0x12f01c690 0, 1 0, L_0x12f022560; 1 drivers
v0x12f01c690_1 .net v0x12f01c690 1, 1 0, L_0x12f022d90; 1 drivers
v0x12f01c690_2 .net v0x12f01c690 2, 1 0, L_0x12f023650; 1 drivers
v0x12f01c770_0 .net "valid", 0 0, L_0x12f023a30;  alias, 1 drivers
v0x12f01c800_0 .net "valids", 2 0, L_0x12f023910;  1 drivers
L_0x12f0226c0 .part o0x110009b40, 0, 4;
L_0x12f022f70 .part o0x110009b40, 4, 4;
L_0x12f0237f0 .part o0x110009b40, 8, 4;
L_0x12f023910 .concat8 [ 1 1 1 0], L_0x12f021e40, L_0x12f0227a0, L_0x12f023010;
L_0x12f023a30 .reduce/or L_0x12f023910;
L_0x12f023b50 .part L_0x12f023910, 2, 1;
L_0x12f023bf0 .concat [ 2 2 0 0], L_0x12f023650, L_0x110040520;
L_0x12f023d10 .part L_0x12f023910, 1, 1;
L_0x12f023e30 .concat [ 2 2 0 0], L_0x12f022d90, L_0x110040568;
L_0x12f023f20 .part L_0x12f023910, 0, 1;
L_0x12f023fc0 .concat [ 2 2 0 0], L_0x12f022560, L_0x1100405b0;
L_0x12f0240c0 .functor MUXZ 4, L_0x1100405f8, L_0x12f023fc0, L_0x12f023f20, C4<>;
L_0x12f0241e0 .functor MUXZ 4, L_0x12f0240c0, L_0x12f023e30, L_0x12f023d10, C4<>;
L_0x12f024370 .functor MUXZ 4, L_0x12f0241e0, L_0x12f023bf0, L_0x12f023b50, C4<>;
S_0x12f019ab0 .scope module, "uut0" "prio_422" 9 28, 9 39 0, S_0x12f019880;
 .timescale 0 0;
    .port_info 0 /INPUT 4 "data";
    .port_info 1 /OUTPUT 2 "index";
    .port_info 2 /OUTPUT 1 "valid";
v0x12f019d00_0 .net *"_ivl_11", 0 0, L_0x12f022100;  1 drivers
L_0x110040250 .functor BUFT 1, C4<01>, C4<0>, C4<0>, C4<0>;
v0x12f019dc0_0 .net/2u *"_ivl_12", 1 0, L_0x110040250;  1 drivers
L_0x110040298 .functor BUFT 1, C4<00>, C4<0>, C4<0>, C4<0>;
v0x12f019e70_0 .net/2u *"_ivl_14", 1 0, L_0x110040298;  1 drivers
v0x12f019f30_0 .net *"_ivl_16", 1 0, L_0x12f0222e0;  1 drivers
v0x12f019fe0_0 .net *"_ivl_18", 1 0, L_0x12f022440;  1 drivers
v0x12f01a0d0_0 .net *"_ivl_3", 0 0, L_0x12f021f00;  1 drivers
L_0x1100401c0 .functor BUFT 1, C4<11>, C4<0>, C4<0>, C4<0>;
v0x12f01a180_0 .net/2u *"_ivl_4", 1 0, L_0x1100401c0;  1 drivers
v0x12f01a230_0 .net *"_ivl_7", 0 0, L_0x12f022000;  1 drivers
L_0x110040208 .functor BUFT 1, C4<10>, C4<0>, C4<0>, C4<0>;
v0x12f01a2e0_0 .net/2u *"_ivl_8", 1 0, L_0x110040208;  1 drivers
v0x12f01a3f0_0 .net "data", 3 0, L_0x12f0226c0;  1 drivers
v0x12f01a4a0_0 .net "index", 1 0, L_0x12f022560;  alias, 1 drivers
v0x12f01a550_0 .net "valid", 0 0, L_0x12f021e40;  1 drivers
L_0x12f021e40 .reduce/or L_0x12f0226c0;
L_0x12f021f00 .part L_0x12f0226c0, 3, 1;
L_0x12f022000 .part L_0x12f0226c0, 2, 1;
L_0x12f022100 .part L_0x12f0226c0, 1, 1;
L_0x12f0222e0 .functor MUXZ 2, L_0x110040298, L_0x110040250, L_0x12f022100, C4<>;
L_0x12f022440 .functor MUXZ 2, L_0x12f0222e0, L_0x110040208, L_0x12f022000, C4<>;
L_0x12f022560 .functor MUXZ 2, L_0x12f022440, L_0x1100401c0, L_0x12f021f00, C4<>;
S_0x12f01a640 .scope module, "uut1" "prio_422" 9 29, 9 39 0, S_0x12f019880;
 .timescale 0 0;
    .port_info 0 /INPUT 4 "data";
    .port_info 1 /OUTPUT 2 "index";
    .port_info 2 /OUTPUT 1 "valid";
v0x12f01a860_0 .net *"_ivl_11", 0 0, L_0x12f0229c0;  1 drivers
L_0x110040370 .functor BUFT 1, C4<01>, C4<0>, C4<0>, C4<0>;
v0x12f01a8f0_0 .net/2u *"_ivl_12", 1 0, L_0x110040370;  1 drivers
L_0x1100403b8 .functor BUFT 1, C4<00>, C4<0>, C4<0>, C4<0>;
v0x12f01a990_0 .net/2u *"_ivl_14", 1 0, L_0x1100403b8;  1 drivers
v0x12f01aa50_0 .net *"_ivl_16", 1 0, L_0x12f022ae0;  1 drivers
v0x12f01ab00_0 .net *"_ivl_18", 1 0, L_0x12f022c70;  1 drivers
v0x12f01abf0_0 .net *"_ivl_3", 0 0, L_0x12f022840;  1 drivers
L_0x1100402e0 .functor BUFT 1, C4<11>, C4<0>, C4<0>, C4<0>;
v0x12f01aca0_0 .net/2u *"_ivl_4", 1 0, L_0x1100402e0;  1 drivers
v0x12f01ad50_0 .net *"_ivl_7", 0 0, L_0x12f022920;  1 drivers
L_0x110040328 .functor BUFT 1, C4<10>, C4<0>, C4<0>, C4<0>;
v0x12f01ae00_0 .net/2u *"_ivl_8", 1 0, L_0x110040328;  1 drivers
v0x12f01af10_0 .net "data", 3 0, L_0x12f022f70;  1 drivers
v0x12f01afc0_0 .net "index", 1 0, L_0x12f022d90;  alias, 1 drivers
v0x12f01b070_0 .net "valid", 0 0, L_0x12f0227a0;  1 drivers
L_0x12f0227a0 .reduce/or L_0x12f022f70;
L_0x12f022840 .part L_0x12f022f70, 3, 1;
L_0x12f022920 .part L_0x12f022f70, 2, 1;
L_0x12f0229c0 .part L_0x12f022f70, 1, 1;
L_0x12f022ae0 .functor MUXZ 2, L_0x1100403b8, L_0x110040370, L_0x12f0229c0, C4<>;
L_0x12f022c70 .functor MUXZ 2, L_0x12f022ae0, L_0x110040328, L_0x12f022920, C4<>;
L_0x12f022d90 .functor MUXZ 2, L_0x12f022c70, L_0x1100402e0, L_0x12f022840, C4<>;
S_0x12f01b160 .scope module, "uut2" "prio_422" 9 30, 9 39 0, S_0x12f019880;
 .timescale 0 0;
    .port_info 0 /INPUT 4 "data";
    .port_info 1 /OUTPUT 2 "index";
    .port_info 2 /OUTPUT 1 "valid";
v0x12f01b380_0 .net *"_ivl_11", 0 0, L_0x12f023230;  1 drivers
L_0x110040490 .functor BUFT 1, C4<01>, C4<0>, C4<0>, C4<0>;
v0x12f01b410_0 .net/2u *"_ivl_12", 1 0, L_0x110040490;  1 drivers
L_0x1100404d8 .functor BUFT 1, C4<00>, C4<0>, C4<0>, C4<0>;
v0x12f01b4c0_0 .net/2u *"_ivl_14", 1 0, L_0x1100404d8;  1 drivers
v0x12f01b580_0 .net *"_ivl_16", 1 0, L_0x12f023450;  1 drivers
v0x12f01b630_0 .net *"_ivl_18", 1 0, L_0x12f0234f0;  1 drivers
v0x12f01b720_0 .net *"_ivl_3", 0 0, L_0x12f0230b0;  1 drivers
L_0x110040400 .functor BUFT 1, C4<11>, C4<0>, C4<0>, C4<0>;
v0x12f01b7d0_0 .net/2u *"_ivl_4", 1 0, L_0x110040400;  1 drivers
v0x12f01b880_0 .net *"_ivl_7", 0 0, L_0x12f023190;  1 drivers
L_0x110040448 .functor BUFT 1, C4<10>, C4<0>, C4<0>, C4<0>;
v0x12f01b930_0 .net/2u *"_ivl_8", 1 0, L_0x110040448;  1 drivers
v0x12f01ba40_0 .net "data", 3 0, L_0x12f0237f0;  1 drivers
v0x12f01baf0_0 .net "index", 1 0, L_0x12f023650;  alias, 1 drivers
v0x12f01bba0_0 .net "valid", 0 0, L_0x12f023010;  1 drivers
L_0x12f023010 .reduce/or L_0x12f0237f0;
L_0x12f0230b0 .part L_0x12f0237f0, 3, 1;
L_0x12f023190 .part L_0x12f0237f0, 2, 1;
L_0x12f023230 .part L_0x12f0237f0, 1, 1;
L_0x12f023450 .functor MUXZ 2, L_0x1100404d8, L_0x110040490, L_0x12f023230, C4<>;
L_0x12f0234f0 .functor MUXZ 2, L_0x12f023450, L_0x110040448, L_0x12f023190, C4<>;
L_0x12f023650 .functor MUXZ 2, L_0x12f0234f0, L_0x110040400, L_0x12f0230b0, C4<>;
S_0x12f01c9e0 .scope module, "uut1" "priority_encoder" 9 16, 9 19 0, S_0x12f005150;
 .timescale 0 0;
    .port_info 0 /INPUT 12 "data";
    .port_info 1 /OUTPUT 4 "index";
    .port_info 2 /OUTPUT 1 "valid";
v0x12f01ed60_0 .net *"_ivl_19", 0 0, L_0x12f026460;  1 drivers
L_0x110040a30 .functor BUFT 1, C4<10>, C4<0>, C4<0>, C4<0>;
v0x12f01edf0_0 .net/2u *"_ivl_20", 1 0, L_0x110040a30;  1 drivers
v0x12f01ee80_0 .net *"_ivl_23", 3 0, L_0x12f026500;  1 drivers
v0x12f01ef30_0 .net *"_ivl_26", 0 0, L_0x12f026620;  1 drivers
L_0x110040a78 .functor BUFT 1, C4<01>, C4<0>, C4<0>, C4<0>;
v0x12f01efe0_0 .net/2u *"_ivl_27", 1 0, L_0x110040a78;  1 drivers
v0x12f01f0d0_0 .net *"_ivl_30", 3 0, L_0x12f026740;  1 drivers
v0x12f01f180_0 .net *"_ivl_33", 0 0, L_0x12f026830;  1 drivers
L_0x110040ac0 .functor BUFT 1, C4<00>, C4<0>, C4<0>, C4<0>;
v0x12f01f230_0 .net/2u *"_ivl_34", 1 0, L_0x110040ac0;  1 drivers
v0x12f01f2e0_0 .net *"_ivl_37", 3 0, L_0x12f0268d0;  1 drivers
L_0x110040b08 .functor BUFT 1, C4<0000>, C4<0>, C4<0>, C4<0>;
v0x12f01f3f0_0 .net/2u *"_ivl_39", 3 0, L_0x110040b08;  1 drivers
v0x12f01f4a0_0 .net *"_ivl_41", 3 0, L_0x12f0269d0;  1 drivers
v0x12f01f550_0 .net *"_ivl_43", 3 0, L_0x12f026af0;  1 drivers
v0x12f01f600_0 .net "data", 11 0, L_0x12f024710;  alias, 1 drivers
v0x12f01f6b0_0 .net "index", 3 0, L_0x12f026c80;  alias, 1 drivers
v0x12f01f760 .array "indexes", 0 2;
v0x12f01f760_0 .net v0x12f01f760 0, 1 0, L_0x12f024dc0; 1 drivers
v0x12f01f760_1 .net v0x12f01f760 1, 1 0, L_0x12f025600; 1 drivers
v0x12f01f760_2 .net v0x12f01f760 2, 1 0, L_0x12f025fa0; 1 drivers
v0x12f01f840_0 .net "valid", 0 0, L_0x12f026340;  alias, 1 drivers
v0x12f01f8d0_0 .net "valids", 2 0, L_0x12f0261e0;  1 drivers
L_0x12f024fa0 .part L_0x12f024710, 0, 4;
L_0x12f0257e0 .part L_0x12f024710, 4, 4;
L_0x12f026140 .part L_0x12f024710, 8, 4;
L_0x12f0261e0 .concat8 [ 1 1 1 0], L_0x12f024800, L_0x12f025040, L_0x12f025900;
L_0x12f026340 .reduce/or L_0x12f0261e0;
L_0x12f026460 .part L_0x12f0261e0, 2, 1;
L_0x12f026500 .concat [ 2 2 0 0], L_0x12f025fa0, L_0x110040a30;
L_0x12f026620 .part L_0x12f0261e0, 1, 1;
L_0x12f026740 .concat [ 2 2 0 0], L_0x12f025600, L_0x110040a78;
L_0x12f026830 .part L_0x12f0261e0, 0, 1;
L_0x12f0268d0 .concat [ 2 2 0 0], L_0x12f024dc0, L_0x110040ac0;
L_0x12f0269d0 .functor MUXZ 4, L_0x110040b08, L_0x12f0268d0, L_0x12f026830, C4<>;
L_0x12f026af0 .functor MUXZ 4, L_0x12f0269d0, L_0x12f026740, L_0x12f026620, C4<>;
L_0x12f026c80 .functor MUXZ 4, L_0x12f026af0, L_0x12f026500, L_0x12f026460, C4<>;
S_0x12f01cbb0 .scope module, "uut0" "prio_422" 9 28, 9 39 0, S_0x12f01c9e0;
 .timescale 0 0;
    .port_info 0 /INPUT 4 "data";
    .port_info 1 /OUTPUT 2 "index";
    .port_info 2 /OUTPUT 1 "valid";
v0x12f01cdd0_0 .net *"_ivl_11", 0 0, L_0x12f024a20;  1 drivers
L_0x110040760 .functor BUFT 1, C4<01>, C4<0>, C4<0>, C4<0>;
v0x12f01ce90_0 .net/2u *"_ivl_12", 1 0, L_0x110040760;  1 drivers
L_0x1100407a8 .functor BUFT 1, C4<00>, C4<0>, C4<0>, C4<0>;
v0x12f01cf40_0 .net/2u *"_ivl_14", 1 0, L_0x1100407a8;  1 drivers
v0x12f01d000_0 .net *"_ivl_16", 1 0, L_0x12f024b40;  1 drivers
v0x12f01d0b0_0 .net *"_ivl_18", 1 0, L_0x12f024c60;  1 drivers
v0x12f01d1a0_0 .net *"_ivl_3", 0 0, L_0x12f0248a0;  1 drivers
L_0x1100406d0 .functor BUFT 1, C4<11>, C4<0>, C4<0>, C4<0>;
v0x12f01d250_0 .net/2u *"_ivl_4", 1 0, L_0x1100406d0;  1 drivers
v0x12f01d300_0 .net *"_ivl_7", 0 0, L_0x12f024980;  1 drivers
L_0x110040718 .functor BUFT 1, C4<10>, C4<0>, C4<0>, C4<0>;
v0x12f01d3b0_0 .net/2u *"_ivl_8", 1 0, L_0x110040718;  1 drivers
v0x12f01d4c0_0 .net "data", 3 0, L_0x12f024fa0;  1 drivers
v0x12f01d570_0 .net "index", 1 0, L_0x12f024dc0;  alias, 1 drivers
v0x12f01d620_0 .net "valid", 0 0, L_0x12f024800;  1 drivers
L_0x12f024800 .reduce/or L_0x12f024fa0;
L_0x12f0248a0 .part L_0x12f024fa0, 3, 1;
L_0x12f024980 .part L_0x12f024fa0, 2, 1;
L_0x12f024a20 .part L_0x12f024fa0, 1, 1;
L_0x12f024b40 .functor MUXZ 2, L_0x1100407a8, L_0x110040760, L_0x12f024a20, C4<>;
L_0x12f024c60 .functor MUXZ 2, L_0x12f024b40, L_0x110040718, L_0x12f024980, C4<>;
L_0x12f024dc0 .functor MUXZ 2, L_0x12f024c60, L_0x1100406d0, L_0x12f0248a0, C4<>;
S_0x12f01d710 .scope module, "uut1" "prio_422" 9 29, 9 39 0, S_0x12f01c9e0;
 .timescale 0 0;
    .port_info 0 /INPUT 4 "data";
    .port_info 1 /OUTPUT 2 "index";
    .port_info 2 /OUTPUT 1 "valid";
v0x12f01d930_0 .net *"_ivl_11", 0 0, L_0x12f025260;  1 drivers
L_0x110040880 .functor BUFT 1, C4<01>, C4<0>, C4<0>, C4<0>;
v0x12f01d9c0_0 .net/2u *"_ivl_12", 1 0, L_0x110040880;  1 drivers
L_0x1100408c8 .functor BUFT 1, C4<00>, C4<0>, C4<0>, C4<0>;
v0x12f01da60_0 .net/2u *"_ivl_14", 1 0, L_0x1100408c8;  1 drivers
v0x12f01db20_0 .net *"_ivl_16", 1 0, L_0x12f025380;  1 drivers
v0x12f01dbd0_0 .net *"_ivl_18", 1 0, L_0x12f0254a0;  1 drivers
v0x12f01dcc0_0 .net *"_ivl_3", 0 0, L_0x12f0250e0;  1 drivers
L_0x1100407f0 .functor BUFT 1, C4<11>, C4<0>, C4<0>, C4<0>;
v0x12f01dd70_0 .net/2u *"_ivl_4", 1 0, L_0x1100407f0;  1 drivers
v0x12f01de20_0 .net *"_ivl_7", 0 0, L_0x12f0251c0;  1 drivers
L_0x110040838 .functor BUFT 1, C4<10>, C4<0>, C4<0>, C4<0>;
v0x12f01ded0_0 .net/2u *"_ivl_8", 1 0, L_0x110040838;  1 drivers
v0x12f01dfe0_0 .net "data", 3 0, L_0x12f0257e0;  1 drivers
v0x12f01e090_0 .net "index", 1 0, L_0x12f025600;  alias, 1 drivers
v0x12f01e140_0 .net "valid", 0 0, L_0x12f025040;  1 drivers
L_0x12f025040 .reduce/or L_0x12f0257e0;
L_0x12f0250e0 .part L_0x12f0257e0, 3, 1;
L_0x12f0251c0 .part L_0x12f0257e0, 2, 1;
L_0x12f025260 .part L_0x12f0257e0, 1, 1;
L_0x12f025380 .functor MUXZ 2, L_0x1100408c8, L_0x110040880, L_0x12f025260, C4<>;
L_0x12f0254a0 .functor MUXZ 2, L_0x12f025380, L_0x110040838, L_0x12f0251c0, C4<>;
L_0x12f025600 .functor MUXZ 2, L_0x12f0254a0, L_0x1100407f0, L_0x12f0250e0, C4<>;
S_0x12f01e230 .scope module, "uut2" "prio_422" 9 30, 9 39 0, S_0x12f01c9e0;
 .timescale 0 0;
    .port_info 0 /INPUT 4 "data";
    .port_info 1 /OUTPUT 2 "index";
    .port_info 2 /OUTPUT 1 "valid";
v0x12f01e450_0 .net *"_ivl_11", 0 0, L_0x12f025c40;  1 drivers
L_0x1100409a0 .functor BUFT 1, C4<01>, C4<0>, C4<0>, C4<0>;
v0x12f01e4e0_0 .net/2u *"_ivl_12", 1 0, L_0x1100409a0;  1 drivers
L_0x1100409e8 .functor BUFT 1, C4<00>, C4<0>, C4<0>, C4<0>;
v0x12f01e590_0 .net/2u *"_ivl_14", 1 0, L_0x1100409e8;  1 drivers
v0x12f01e650_0 .net *"_ivl_16", 1 0, L_0x12f025d60;  1 drivers
v0x12f01e700_0 .net *"_ivl_18", 1 0, L_0x12f025e40;  1 drivers
v0x12f01e7f0_0 .net *"_ivl_3", 0 0, L_0x12f0259a0;  1 drivers
L_0x110040910 .functor BUFT 1, C4<11>, C4<0>, C4<0>, C4<0>;
v0x12f01e8a0_0 .net/2u *"_ivl_4", 1 0, L_0x110040910;  1 drivers
v0x12f01e950_0 .net *"_ivl_7", 0 0, L_0x12f023350;  1 drivers
L_0x110040958 .functor BUFT 1, C4<10>, C4<0>, C4<0>, C4<0>;
v0x12f01ea00_0 .net/2u *"_ivl_8", 1 0, L_0x110040958;  1 drivers
v0x12f01eb10_0 .net "data", 3 0, L_0x12f026140;  1 drivers
v0x12f01ebc0_0 .net "index", 1 0, L_0x12f025fa0;  alias, 1 drivers
v0x12f01ec70_0 .net "valid", 0 0, L_0x12f025900;  1 drivers
L_0x12f025900 .reduce/or L_0x12f026140;
L_0x12f0259a0 .part L_0x12f026140, 3, 1;
L_0x12f023350 .part L_0x12f026140, 2, 1;
L_0x12f025c40 .part L_0x12f026140, 1, 1;
L_0x12f025d60 .functor MUXZ 2, L_0x1100409e8, L_0x1100409a0, L_0x12f025c40, C4<>;
L_0x12f025e40 .functor MUXZ 2, L_0x12f025d60, L_0x110040958, L_0x12f023350, C4<>;
L_0x12f025fa0 .functor MUXZ 2, L_0x12f025e40, L_0x110040910, L_0x12f0259a0, C4<>;
S_0x12f005390 .scope module, "prio_encoder_if" "prio_encoder_if" 10 1;
 .timescale 0 0;
    .port_info 0 /INPUT 4 "r";
    .port_info 1 /OUTPUT 3 "y";
o0x11000aa40 .functor BUFZ 4, c4<zzzz>; HiZ drive
v0x12f020230_0 .net "r", 4 1, o0x11000aa40;  0 drivers
v0x12f0202f0_0 .var "y", 2 0;
E_0x12f0201d0 .event anyedge, v0x12f020230_0;
    .scope S_0x12f017310;
T_1 ;
    %wait E_0x12f017550;
    %load/vec4 v0x12f017710_0;
    %flag_set/vec4 8;
    %jmp/0xz  T_1.0, 8;
    %load/vec4 v0x12f017860_0;
    %cmpi/e 9, 0, 4;
    %jmp/0xz  T_1.2, 4;
    %pushi/vec4 0, 0, 4;
    %store/vec4 v0x12f017950_0, 0, 4;
    %jmp T_1.3;
T_1.2 ;
    %load/vec4 v0x12f017860_0;
    %addi 1, 0, 4;
    %store/vec4 v0x12f017950_0, 0, 4;
T_1.3 ;
    %jmp T_1.1;
T_1.0 ;
    %load/vec4 v0x12f017860_0;
    %store/vec4 v0x12f017950_0, 0, 4;
T_1.1 ;
    %jmp T_1;
    .thread T_1, $push;
    .scope S_0x12f017a40;
T_2 ;
    %wait E_0x12f017c90;
    %load/vec4 v0x12f017e40_0;
    %flag_set/vec4 8;
    %jmp/0xz  T_2.0, 8;
    %load/vec4 v0x12f017fa0_0;
    %cmpi/e 9, 0, 4;
    %jmp/0xz  T_2.2, 4;
    %pushi/vec4 0, 0, 4;
    %store/vec4 v0x12f018080_0, 0, 4;
    %jmp T_2.3;
T_2.2 ;
    %load/vec4 v0x12f017fa0_0;
    %addi 1, 0, 4;
    %store/vec4 v0x12f018080_0, 0, 4;
T_2.3 ;
    %jmp T_2.1;
T_2.0 ;
    %load/vec4 v0x12f017fa0_0;
    %store/vec4 v0x12f018080_0, 0, 4;
T_2.1 ;
    %jmp T_2;
    .thread T_2, $push;
    .scope S_0x12f018170;
T_3 ;
    %wait E_0x12f0183d0;
    %load/vec4 v0x12f018580_0;
    %flag_set/vec4 8;
    %jmp/0xz  T_3.0, 8;
    %load/vec4 v0x12f0186e0_0;
    %cmpi/e 9, 0, 4;
    %jmp/0xz  T_3.2, 4;
    %pushi/vec4 0, 0, 4;
    %store/vec4 v0x12f0187c0_0, 0, 4;
    %jmp T_3.3;
T_3.2 ;
    %load/vec4 v0x12f0186e0_0;
    %addi 1, 0, 4;
    %store/vec4 v0x12f0187c0_0, 0, 4;
T_3.3 ;
    %jmp T_3.1;
T_3.0 ;
    %load/vec4 v0x12f0186e0_0;
    %store/vec4 v0x12f0187c0_0, 0, 4;
T_3.1 ;
    %jmp T_3;
    .thread T_3, $push;
    .scope S_0x12f004ba0;
T_4 ;
    %vpi_call/w 5 14 "$dumpfile", "waves/bcd_incrementor.vcd" {0 0 0};
    %vpi_call/w 5 15 "$dumpvars", 32'sb00000000000000000000000000000000, S_0x12f004ba0 {0 0 0};
    %pushi/vec4 0, 0, 32;
    %store/vec4 v0x12f018d30_0, 0, 32;
    %vpi_call/w 5 19 "$display", "--- Starting Test ---" {0 0 0};
    %pushi/vec4 0, 0, 32;
    %store/vec4 v0x12f018f30_0, 0, 32;
T_4.0 ; Top of for-loop
    %load/vec4 v0x12f018f30_0;
    %cmpi/s 10, 0, 32;
	  %jmp/0xz T_4.1, 5;
    %pushi/vec4 0, 0, 32;
    %store/vec4 v0x12f019020_0, 0, 32;
T_4.3 ; Top of for-loop
    %load/vec4 v0x12f019020_0;
    %cmpi/s 10, 0, 32;
	  %jmp/0xz T_4.4, 5;
    %pushi/vec4 0, 0, 32;
    %store/vec4 v0x12f0190d0_0, 0, 32;
T_4.6 ; Top of for-loop
    %load/vec4 v0x12f0190d0_0;
    %cmpi/s 10, 0, 32;
	  %jmp/0xz T_4.7, 5;
    %load/vec4 v0x12f018f30_0;
    %parti/s 4, 0, 2;
    %load/vec4 v0x12f019020_0;
    %parti/s 4, 0, 2;
    %concat/vec4; draw_concat_vec4
    %load/vec4 v0x12f0190d0_0;
    %parti/s 4, 0, 2;
    %concat/vec4; draw_concat_vec4
    %store/vec4 v0x12f019180_0, 0, 12;
    %load/vec4 v0x12f0190d0_0;
    %cmpi/e 9, 0, 32;
    %jmp/0xz  T_4.9, 4;
    %load/vec4 v0x12f019020_0;
    %cmpi/e 9, 0, 32;
    %jmp/0xz  T_4.11, 4;
    %load/vec4 v0x12f018f30_0;
    %cmpi/e 9, 0, 32;
    %jmp/0xz  T_4.13, 4;
    %pushi/vec4 0, 0, 12;
    %store/vec4 v0x12f018dd0_0, 0, 12;
    %pushi/vec4 1, 0, 1;
    %store/vec4 v0x12f018e90_0, 0, 1;
    %jmp T_4.14;
T_4.13 ;
    %load/vec4 v0x12f018f30_0;
    %parti/s 4, 0, 2;
    %addi 1, 0, 4;
    %concati/vec4 0, 0, 4;
    %concati/vec4 0, 0, 4;
    %store/vec4 v0x12f018dd0_0, 0, 12;
    %pushi/vec4 0, 0, 1;
    %store/vec4 v0x12f018e90_0, 0, 1;
T_4.14 ;
    %jmp T_4.12;
T_4.11 ;
    %load/vec4 v0x12f018f30_0;
    %parti/s 4, 0, 2;
    %load/vec4 v0x12f019020_0;
    %parti/s 4, 0, 2;
    %addi 1, 0, 4;
    %concat/vec4; draw_concat_vec4
    %concati/vec4 0, 0, 4;
    %store/vec4 v0x12f018dd0_0, 0, 12;
    %pushi/vec4 0, 0, 1;
    %store/vec4 v0x12f018e90_0, 0, 1;
T_4.12 ;
    %jmp T_4.10;
T_4.9 ;
    %load/vec4 v0x12f018f30_0;
    %parti/s 4, 0, 2;
    %load/vec4 v0x12f019020_0;
    %parti/s 4, 0, 2;
    %concat/vec4; draw_concat_vec4
    %load/vec4 v0x12f0190d0_0;
    %parti/s 4, 0, 2;
    %addi 1, 0, 4;
    %concat/vec4; draw_concat_vec4
    %store/vec4 v0x12f018dd0_0, 0, 12;
    %pushi/vec4 0, 0, 1;
    %store/vec4 v0x12f018e90_0, 0, 1;
T_4.10 ;
    %delay 10, 0;
    %load/vec4 v0x12f018c80_0;
    %load/vec4 v0x12f018dd0_0;
    %cmp/ne;
    %jmp/1 T_4.17, 6;
    %flag_mov 8, 6;
    %load/vec4 v0x12f019220_0;
    %load/vec4 v0x12f018e90_0;
    %cmp/ne;
    %flag_or 6, 8;
T_4.17;
    %jmp/0xz  T_4.15, 6;
    %vpi_call/w 5 49 "$display", "ERROR: num_in=%x| exp_bcd=%x, exp_overflow=%b | GOT: bcd=%x, overflow=%b", v0x12f019180_0, v0x12f018dd0_0, v0x12f018e90_0, v0x12f018c80_0, v0x12f019220_0 {0 0 0};
    %load/vec4 v0x12f018d30_0;
    %addi 1, 0, 32;
    %store/vec4 v0x12f018d30_0, 0, 32;
T_4.15 ;
T_4.8 ; for-loop step statement
    %load/vec4 v0x12f0190d0_0;
    %addi 1, 0, 32;
    %store/vec4 v0x12f0190d0_0, 0, 32;
    %jmp T_4.6;
T_4.7 ; for-loop exit label
T_4.5 ; for-loop step statement
    %load/vec4 v0x12f019020_0;
    %addi 1, 0, 32;
    %store/vec4 v0x12f019020_0, 0, 32;
    %jmp T_4.3;
T_4.4 ; for-loop exit label
T_4.2 ; for-loop step statement
    %load/vec4 v0x12f018f30_0;
    %addi 1, 0, 32;
    %store/vec4 v0x12f018f30_0, 0, 32;
    %jmp T_4.0;
T_4.1 ; for-loop exit label
    %vpi_call/w 5 58 "$display", "========================================" {0 0 0};
    %load/vec4 v0x12f018d30_0;
    %cmpi/e 0, 0, 32;
    %jmp/0xz  T_4.18, 4;
    %vpi_call/w 5 59 "$display", "TEST PASS" {0 0 0};
    %jmp T_4.19;
T_4.18 ;
    %vpi_call/w 5 60 "$display", "TEST FAIL (%0d Errors)", v0x12f018d30_0 {0 0 0};
T_4.19 ;
    %vpi_call/w 5 61 "$display", "========================================" {0 0 0};
    %vpi_call/w 5 63 "$stop" {0 0 0};
    %end;
    .thread T_4;
    .scope S_0x12f004d30;
T_5 ;
    %wait E_0x12f019330;
    %load/vec4 v0x12f019440_0;
    %load/vec4 v0x12f019380_0;
    %concat/vec4; draw_concat_vec4
    %dup/vec4;
    %pushi/vec4 1, 0, 3;
    %cmp/u;
    %jmp/1 T_5.0, 6;
    %dup/vec4;
    %pushi/vec4 2, 0, 3;
    %cmp/u;
    %jmp/1 T_5.1, 6;
    %dup/vec4;
    %pushi/vec4 3, 0, 3;
    %cmp/u;
    %jmp/1 T_5.2, 6;
    %dup/vec4;
    %pushi/vec4 3, 0, 3;
    %cmp/u;
    %jmp/1 T_5.3, 6;
    %dup/vec4;
    %pushi/vec4 0, 0, 3;
    %cmp/u;
    %jmp/1 T_5.4, 6;
    %dup/vec4;
    %pushi/vec4 4, 0, 3;
    %cmp/u;
    %jmp/1 T_5.5, 6;
    %dup/vec4;
    %pushi/vec4 5, 0, 3;
    %cmp/u;
    %jmp/1 T_5.6, 6;
    %dup/vec4;
    %pushi/vec4 6, 0, 3;
    %cmp/u;
    %jmp/1 T_5.7, 6;
    %dup/vec4;
    %pushi/vec4 7, 0, 3;
    %cmp/u;
    %jmp/1 T_5.8, 6;
    %jmp T_5.9;
T_5.0 ;
    %pushi/vec4 0, 0, 4;
    %store/vec4 v0x12f0194e0_0, 0, 4;
    %jmp T_5.9;
T_5.1 ;
    %pushi/vec4 0, 0, 4;
    %store/vec4 v0x12f0194e0_0, 0, 4;
    %jmp T_5.9;
T_5.2 ;
    %pushi/vec4 0, 0, 4;
    %store/vec4 v0x12f0194e0_0, 0, 4;
    %jmp T_5.9;
T_5.3 ;
    %pushi/vec4 0, 0, 4;
    %store/vec4 v0x12f0194e0_0, 0, 4;
    %jmp T_5.9;
T_5.4 ;
    %pushi/vec4 0, 0, 4;
    %store/vec4 v0x12f0194e0_0, 0, 4;
    %jmp T_5.9;
T_5.5 ;
    %pushi/vec4 1, 0, 4;
    %store/vec4 v0x12f0194e0_0, 0, 4;
    %jmp T_5.9;
T_5.6 ;
    %pushi/vec4 2, 0, 4;
    %store/vec4 v0x12f0194e0_0, 0, 4;
    %jmp T_5.9;
T_5.7 ;
    %pushi/vec4 4, 0, 4;
    %store/vec4 v0x12f0194e0_0, 0, 4;
    %jmp T_5.9;
T_5.8 ;
    %pushi/vec4 8, 0, 4;
    %store/vec4 v0x12f0194e0_0, 0, 4;
    %jmp T_5.9;
T_5.9 ;
    %pop/vec4 1;
    %jmp T_5;
    .thread T_5, $push;
    .scope S_0x12f004f20;
T_6 ;
    %wait E_0x12f0195d0;
    %load/vec4 v0x12f0196f0_0;
    %inv;
    %flag_set/vec4 8;
    %jmp/0xz  T_6.0, 8;
    %pushi/vec4 0, 0, 4;
    %store/vec4 v0x12f019790_0, 0, 4;
    %jmp T_6.1;
T_6.0 ;
    %load/vec4 v0x12f019630_0;
    %cmpi/e 0, 0, 2;
    %jmp/0xz  T_6.2, 4;
    %pushi/vec4 1, 0, 4;
    %store/vec4 v0x12f019790_0, 0, 4;
    %jmp T_6.3;
T_6.2 ;
    %load/vec4 v0x12f019630_0;
    %cmpi/e 1, 0, 2;
    %jmp/0xz  T_6.4, 4;
    %pushi/vec4 2, 0, 4;
    %store/vec4 v0x12f019790_0, 0, 4;
    %jmp T_6.5;
T_6.4 ;
    %load/vec4 v0x12f019630_0;
    %cmpi/e 2, 0, 2;
    %jmp/0xz  T_6.6, 4;
    %pushi/vec4 4, 0, 4;
    %store/vec4 v0x12f019790_0, 0, 4;
    %jmp T_6.7;
T_6.6 ;
    %pushi/vec4 8, 0, 4;
    %store/vec4 v0x12f019790_0, 0, 4;
T_6.7 ;
T_6.5 ;
T_6.3 ;
T_6.1 ;
    %jmp T_6;
    .thread T_6, $push;
    .scope S_0x12f005390;
T_7 ;
    %wait E_0x12f0201d0;
    %load/vec4 v0x12f020230_0;
    %parti/s 1, 3, 3;
    %cmpi/e 1, 0, 1;
    %jmp/0xz  T_7.0, 4;
    %pushi/vec4 4, 0, 3;
    %store/vec4 v0x12f0202f0_0, 0, 3;
    %jmp T_7.1;
T_7.0 ;
    %load/vec4 v0x12f020230_0;
    %parti/s 1, 2, 3;
    %cmpi/e 1, 0, 1;
    %jmp/0xz  T_7.2, 4;
    %pushi/vec4 3, 0, 3;
    %store/vec4 v0x12f0202f0_0, 0, 3;
    %jmp T_7.3;
T_7.2 ;
    %load/vec4 v0x12f020230_0;
    %parti/s 1, 1, 2;
    %cmpi/e 1, 0, 1;
    %jmp/0xz  T_7.4, 4;
    %pushi/vec4 2, 0, 3;
    %store/vec4 v0x12f0202f0_0, 0, 3;
    %jmp T_7.5;
T_7.4 ;
    %load/vec4 v0x12f020230_0;
    %parti/s 1, 0, 2;
    %cmpi/e 1, 0, 1;
    %jmp/0xz  T_7.6, 4;
    %pushi/vec4 1, 0, 3;
    %store/vec4 v0x12f0202f0_0, 0, 3;
    %jmp T_7.7;
T_7.6 ;
    %pushi/vec4 0, 0, 3;
    %store/vec4 v0x12f0202f0_0, 0, 3;
T_7.7 ;
T_7.5 ;
T_7.3 ;
T_7.1 ;
    %jmp T_7;
    .thread T_7, $push;
# The file index is used to find the file name in the following table.
:file_names 11;
    "N/A";
    "<interactive>";
    "-";
    "rtl/b_shift_1.v";
    "rtl/barrel_shifter.v";
    "tb/bcd_incrementor_tb.v";
    "rtl/bcd_incrementor.v";
    "rtl/decoder_2_4_case.v";
    "rtl/decoder_2_4_if.v";
    "rtl/dual_priority_encoder.v";
    "rtl/prio_encoder_if.v";
